[ 2018-01-18T00:56:27+08:00 ] ::1 ::1 GET /tp505/public/index/Index/searchWj.html?keyWord=6&page=2
[ log ] localhost/tp505/public/index/Index/searchWj.html?keyWord=6&page=2 [运行时间：0.616035s][吞吐率：1.62req/s] [内存消耗：2,699.86kb] [文件加载：61]
[ info ] [ LANG ] D:\AppServ\www\tp505\thinkphp\lang\zh-cn.php
[ info ] [ ROUTE ] array (
  'type' => 'module',
  'module' => 
  array (
    0 => 'index',
    1 => 'Index',
    2 => 'searchWj',
  ),
)
[ info ] [ HEADER ] array (
  'host' => 'localhost',
  'connection' => 'keep-alive',
  'pragma' => 'no-cache',
  'cache-control' => 'no-cache',
  'upgrade-insecure-requests' => '1',
  'user-agent' => 'Mozilla/5.0 (Windows NT 6.1) AppleWebKit/537.36 (KHTML, like Gecko) Chrome/60.0.3112.101 Safari/537.36',
  'accept' => 'text/html,application/xhtml+xml,application/xml;q=0.9,image/webp,image/apng,*/*;q=0.8',
  'referer' => 'http://localhost/tp505/public/index/Index/searchWj.html?keyWord=6&page=1',
  'accept-encoding' => 'gzip, deflate, br',
  'accept-language' => 'zh-CN,zh;q=0.8',
  'cookie' => 'thinkphp_show_page_trace=0|0; pgv_pvi=3237811200; PHPSESSID=5p5hdpts07tvu370piiks4hi24',
)
[ info ] [ PARAM ] array (
  'keyWord' => '6',
  'page' => '2',
)
[ info ] [ RUN ] app\index\controller\Index->searchWj[ D:\AppServ\www\tp505\application\index\controller\Index.php ]
[ info ] [ SESSION ] INIT array (
  'id' => '',
  'var_session_id' => '',
  'prefix' => 'think',
  'type' => '',
  'auto_start' => true,
)
[ info ] [ CACHE ] INIT Memcache
[ info ] [ DB ] INIT mysql
[ info ] [ VIEW ] D:\AppServ\www\tp505\public/../application/index\view\index\personalView.html [ array (
  0 => 'questionnaire',
  1 => 'keyWord',
  2 => 'page',
) ]
[ info ] [ LOG ] INIT File
[ sql ] [ DB ] CONNECT:[ UseTime:0.056004s ] mysql:dbname=hf170724_wjx;host=127.0.0.1;port=3306;charset=utf8
[ sql ] [ SQL ] SHOW COLUMNS FROM `t_questionnaire` [ RunTime:0.056003s ]
[ sql ] [ SQL ] SELECT COUNT(*) AS tp_count FROM `t_questionnaire` WHERE  `q_title` LIKE '%6%' OR `q_directions` LIKE '%6%' LIMIT 1 [ RunTime:0.001000s ]
[ sql ] [ SQL ] SELECT * FROM `t_questionnaire` WHERE  `q_title` LIKE '%6%' OR `q_directions` LIKE '%6%' ORDER BY q_id desc LIMIT 3,3 [ RunTime:0.001000s ]

---------------------------------------------------------------
[ 2018-01-18T00:56:28+08:00 ] ::1 ::1 GET /tp505/public/index/Index/searchWj.html?keyWord=6&page=2
[ log ] localhost/tp505/public/index/Index/searchWj.html?keyWord=6&page=2 [运行时间：0.095006s][吞吐率：10.53req/s] [内存消耗：2,039.24kb] [文件加载：56]
[ info ] [ LANG ] D:\AppServ\www\tp505\thinkphp\lang\zh-cn.php
[ info ] [ ROUTE ] array (
  'type' => 'module',
  'module' => 
  array (
    0 => 'index',
    1 => 'Index',
    2 => 'searchWj',
  ),
)
[ info ] [ HEADER ] array (
  'host' => 'localhost',
  'connection' => 'keep-alive',
  'pragma' => 'no-cache',
  'cache-control' => 'no-cache',
  'upgrade-insecure-requests' => '1',
  'user-agent' => 'Mozilla/5.0 (Windows NT 6.1) AppleWebKit/537.36 (KHTML, like Gecko) Chrome/60.0.3112.101 Safari/537.36',
  'accept' => 'text/html,application/xhtml+xml,application/xml;q=0.9,image/webp,image/apng,*/*;q=0.8',
  'referer' => 'http://localhost/tp505/public/index/Index/searchWj.html?keyWord=6&page=1',
  'accept-encoding' => 'gzip, deflate, br',
  'accept-language' => 'zh-CN,zh;q=0.8',
  'cookie' => 'thinkphp_show_page_trace=0|0; pgv_pvi=3237811200; PHPSESSID=5p5hdpts07tvu370piiks4hi24',
)
[ info ] [ PARAM ] array (
  'keyWord' => '6',
  'page' => '2',
)
[ info ] [ RUN ] app\index\controller\Index->searchWj[ D:\AppServ\www\tp505\application\index\controller\Index.php ]
[ info ] [ SESSION ] INIT array (
  'id' => '',
  'var_session_id' => '',
  'prefix' => 'think',
  'type' => '',
  'auto_start' => true,
)
[ info ] [ CACHE ] INIT Memcache
[ info ] [ VIEW ] D:\AppServ\www\tp505\public/../application/index\view\index\personalView.html [ array (
  0 => 'questionnaire',
  1 => 'keyWord',
  2 => 'page',
) ]
[ info ] [ LOG ] INIT File

---------------------------------------------------------------
[ 2018-01-18T00:56:28+08:00 ] ::1 ::1 GET /tp505/public/static/css/bootstrap.min.css.map
[ log ] localhost/tp505/public/static/css/bootstrap.min.css.map [运行时间：0.137008s][吞吐率：7.30req/s] [内存消耗：1,486.90kb] [文件加载：45]
[ info ] [ LANG ] D:\AppServ\www\tp505\thinkphp\lang\zh-cn.php
[ info ] [ ROUTE ] array (
  'type' => 'module',
  'module' => 
  array (
    0 => 'static',
    1 => 'css',
    2 => 'bootstrap.min.css.map',
  ),
)
[ info ] [ HEADER ] array (
  'host' => 'localhost',
  'connection' => 'keep-alive',
  'cache-control' => 'no-cache',
  'user-agent' => 'Mozilla/5.0 (Windows NT 6.1) AppleWebKit/537.36 (KHTML, like Gecko) Chrome/60.0.3112.101 Safari/537.36',
  'accept-encoding' => 'gzip, deflate, br',
  'accept-language' => 'zh-CN,zh;q=0.8',
  'cookie' => 'pgv_pvi=3237811200; PHPSESSID=5p5hdpts07tvu370piiks4hi24',
)
[ info ] [ PARAM ] array (
)
[ info ] [ LOG ] INIT File

---------------------------------------------------------------
[ 2018-01-18T00:56:32+08:00 ] ::1 ::1 GET /tp505/public/index/Index/searchWj.html?keyWord=6
[ log ] localhost/tp505/public/index/Index/searchWj.html?keyWord=6 [运行时间：0.117006s][吞吐率：8.55req/s] [内存消耗：2,699.65kb] [文件加载：61]
[ info ] [ LANG ] D:\AppServ\www\tp505\thinkphp\lang\zh-cn.php
[ info ] [ ROUTE ] array (
  'type' => 'module',
  'module' => 
  array (
    0 => 'index',
    1 => 'Index',
    2 => 'searchWj',
  ),
)
[ info ] [ HEADER ] array (
  'host' => 'localhost',
  'connection' => 'keep-alive',
  'pragma' => 'no-cache',
  'cache-control' => 'no-cache',
  'upgrade-insecure-requests' => '1',
  'user-agent' => 'Mozilla/5.0 (Windows NT 6.1) AppleWebKit/537.36 (KHTML, like Gecko) Chrome/60.0.3112.101 Safari/537.36',
  'accept' => 'text/html,application/xhtml+xml,application/xml;q=0.9,image/webp,image/apng,*/*;q=0.8',
  'referer' => 'http://localhost/tp505/public/index/Index/searchWj.html?keyWord=6&page=2',
  'accept-encoding' => 'gzip, deflate, br',
  'accept-language' => 'zh-CN,zh;q=0.8',
  'cookie' => 'thinkphp_show_page_trace=0|0; pgv_pvi=3237811200; PHPSESSID=5p5hdpts07tvu370piiks4hi24',
)
[ info ] [ PARAM ] array (
  'keyWord' => '6',
)
[ info ] [ RUN ] app\index\controller\Index->searchWj[ D:\AppServ\www\tp505\application\index\controller\Index.php ]
[ info ] [ SESSION ] INIT array (
  'id' => '',
  'var_session_id' => '',
  'prefix' => 'think',
  'type' => '',
  'auto_start' => true,
)
[ info ] [ CACHE ] INIT Memcache
[ info ] [ DB ] INIT mysql
[ info ] [ VIEW ] D:\AppServ\www\tp505\public/../application/index\view\index\personalView.html [ array (
  0 => 'questionnaire',
  1 => 'keyWord',
  2 => 'page',
) ]
[ info ] [ LOG ] INIT File
[ sql ] [ DB ] CONNECT:[ UseTime:0.004000s ] mysql:dbname=hf170724_wjx;host=127.0.0.1;port=3306;charset=utf8
[ sql ] [ SQL ] SHOW COLUMNS FROM `t_questionnaire` [ RunTime:0.024002s ]
[ sql ] [ SQL ] SELECT COUNT(*) AS tp_count FROM `t_questionnaire` WHERE  `q_title` LIKE '%6%' OR `q_directions` LIKE '%6%' LIMIT 1 [ RunTime:0.001000s ]
[ sql ] [ SQL ] SELECT * FROM `t_questionnaire` WHERE  `q_title` LIKE '%6%' OR `q_directions` LIKE '%6%' ORDER BY q_id desc LIMIT 0,3 [ RunTime:0.000000s ]

---------------------------------------------------------------
[ 2018-01-18T00:56:33+08:00 ] ::1 ::1 GET /tp505/public/static/css/bootstrap.min.css.map
[ log ] localhost/tp505/public/static/css/bootstrap.min.css.map [运行时间：0.075004s][吞吐率：13.33req/s] [内存消耗：1,486.93kb] [文件加载：45]
[ info ] [ LANG ] D:\AppServ\www\tp505\thinkphp\lang\zh-cn.php
[ info ] [ ROUTE ] array (
  'type' => 'module',
  'module' => 
  array (
    0 => 'static',
    1 => 'css',
    2 => 'bootstrap.min.css.map',
  ),
)
[ info ] [ HEADER ] array (
  'host' => 'localhost',
  'connection' => 'keep-alive',
  'cache-control' => 'no-cache',
  'user-agent' => 'Mozilla/5.0 (Windows NT 6.1) AppleWebKit/537.36 (KHTML, like Gecko) Chrome/60.0.3112.101 Safari/537.36',
  'accept-encoding' => 'gzip, deflate, br',
  'accept-language' => 'zh-CN,zh;q=0.8',
  'cookie' => 'pgv_pvi=3237811200; PHPSESSID=5p5hdpts07tvu370piiks4hi24',
)
[ info ] [ PARAM ] array (
)
[ info ] [ LOG ] INIT File

---------------------------------------------------------------
[ 2018-01-18T00:56:36+08:00 ] ::1 ::1 GET /tp505/public/index/Index/searchWj.html?keyWord=6&page=2
[ log ] localhost/tp505/public/index/Index/searchWj.html?keyWord=6&page=2 [运行时间：0.061003s][吞吐率：16.39req/s] [内存消耗：2,039.16kb] [文件加载：56]
[ info ] [ LANG ] D:\AppServ\www\tp505\thinkphp\lang\zh-cn.php
[ info ] [ ROUTE ] array (
  'type' => 'module',
  'module' => 
  array (
    0 => 'index',
    1 => 'Index',
    2 => 'searchWj',
  ),
)
[ info ] [ HEADER ] array (
  'host' => 'localhost',
  'connection' => 'keep-alive',
  'pragma' => 'no-cache',
  'cache-control' => 'no-cache',
  'upgrade-insecure-requests' => '1',
  'user-agent' => 'Mozilla/5.0 (Windows NT 6.1) AppleWebKit/537.36 (KHTML, like Gecko) Chrome/60.0.3112.101 Safari/537.36',
  'accept' => 'text/html,application/xhtml+xml,application/xml;q=0.9,image/webp,image/apng,*/*;q=0.8',
  'referer' => 'http://localhost/tp505/public/index/Index/searchWj.html?keyWord=6',
  'accept-encoding' => 'gzip, deflate, br',
  'accept-language' => 'zh-CN,zh;q=0.8',
  'cookie' => 'thinkphp_show_page_trace=0|0; pgv_pvi=3237811200; PHPSESSID=5p5hdpts07tvu370piiks4hi24',
)
[ info ] [ PARAM ] array (
  'keyWord' => '6',
  'page' => '2',
)
[ info ] [ RUN ] app\index\controller\Index->searchWj[ D:\AppServ\www\tp505\application\index\controller\Index.php ]
[ info ] [ SESSION ] INIT array (
  'id' => '',
  'var_session_id' => '',
  'prefix' => 'think',
  'type' => '',
  'auto_start' => true,
)
[ info ] [ CACHE ] INIT Memcache
[ info ] [ VIEW ] D:\AppServ\www\tp505\public/../application/index\view\index\personalView.html [ array (
  0 => 'questionnaire',
  1 => 'keyWord',
  2 => 'page',
) ]
[ info ] [ LOG ] INIT File

---------------------------------------------------------------
[ 2018-01-18T00:56:36+08:00 ] ::1 ::1 GET /tp505/public/static/css/bootstrap.min.css.map
[ log ] localhost/tp505/public/static/css/bootstrap.min.css.map [运行时间：0.082005s][吞吐率：12.19req/s] [内存消耗：1,486.93kb] [文件加载：45]
[ info ] [ LANG ] D:\AppServ\www\tp505\thinkphp\lang\zh-cn.php
[ info ] [ ROUTE ] array (
  'type' => 'module',
  'module' => 
  array (
    0 => 'static',
    1 => 'css',
    2 => 'bootstrap.min.css.map',
  ),
)
[ info ] [ HEADER ] array (
  'host' => 'localhost',
  'connection' => 'keep-alive',
  'cache-control' => 'no-cache',
  'user-agent' => 'Mozilla/5.0 (Windows NT 6.1) AppleWebKit/537.36 (KHTML, like Gecko) Chrome/60.0.3112.101 Safari/537.36',
  'accept-encoding' => 'gzip, deflate, br',
  'accept-language' => 'zh-CN,zh;q=0.8',
  'cookie' => 'pgv_pvi=3237811200; PHPSESSID=5p5hdpts07tvu370piiks4hi24',
)
[ info ] [ PARAM ] array (
)
[ info ] [ LOG ] INIT File

---------------------------------------------------------------
[ 2018-01-18T00:56:38+08:00 ] ::1 ::1 GET /tp505/public/index/Index/searchWj.html?keyWord=6&page=1
[ log ] localhost/tp505/public/index/Index/searchWj.html?keyWord=6&page=1 [运行时间：0.121007s][吞吐率：8.26req/s] [内存消耗：2,699.72kb] [文件加载：61]
[ info ] [ LANG ] D:\AppServ\www\tp505\thinkphp\lang\zh-cn.php
[ info ] [ ROUTE ] array (
  'type' => 'module',
  'module' => 
  array (
    0 => 'index',
    1 => 'Index',
    2 => 'searchWj',
  ),
)
[ info ] [ HEADER ] array (
  'host' => 'localhost',
  'connection' => 'keep-alive',
  'pragma' => 'no-cache',
  'cache-control' => 'no-cache',
  'upgrade-insecure-requests' => '1',
  'user-agent' => 'Mozilla/5.0 (Windows NT 6.1) AppleWebKit/537.36 (KHTML, like Gecko) Chrome/60.0.3112.101 Safari/537.36',
  'accept' => 'text/html,application/xhtml+xml,application/xml;q=0.9,image/webp,image/apng,*/*;q=0.8',
  'referer' => 'http://localhost/tp505/public/index/Index/searchWj.html?keyWord=6&page=2',
  'accept-encoding' => 'gzip, deflate, br',
  'accept-language' => 'zh-CN,zh;q=0.8',
  'cookie' => 'thinkphp_show_page_trace=0|0; pgv_pvi=3237811200; PHPSESSID=5p5hdpts07tvu370piiks4hi24',
)
[ info ] [ PARAM ] array (
  'keyWord' => '6',
  'page' => '1',
)
[ info ] [ RUN ] app\index\controller\Index->searchWj[ D:\AppServ\www\tp505\application\index\controller\Index.php ]
[ info ] [ SESSION ] INIT array (
  'id' => '',
  'var_session_id' => '',
  'prefix' => 'think',
  'type' => '',
  'auto_start' => true,
)
[ info ] [ CACHE ] INIT Memcache
[ info ] [ DB ] INIT mysql
[ info ] [ VIEW ] D:\AppServ\www\tp505\public/../application/index\view\index\personalView.html [ array (
  0 => 'questionnaire',
  1 => 'keyWord',
  2 => 'page',
) ]
[ info ] [ LOG ] INIT File
[ sql ] [ DB ] CONNECT:[ UseTime:0.014001s ] mysql:dbname=hf170724_wjx;host=127.0.0.1;port=3306;charset=utf8
[ sql ] [ SQL ] SHOW COLUMNS FROM `t_questionnaire` [ RunTime:0.025001s ]
[ sql ] [ SQL ] SELECT COUNT(*) AS tp_count FROM `t_questionnaire` WHERE  `q_title` LIKE '%6%' OR `q_directions` LIKE '%6%' LIMIT 1 [ RunTime:0.001000s ]
[ sql ] [ SQL ] SELECT * FROM `t_questionnaire` WHERE  `q_title` LIKE '%6%' OR `q_directions` LIKE '%6%' ORDER BY q_id desc LIMIT 0,3 [ RunTime:0.001000s ]

---------------------------------------------------------------
[ 2018-01-18T00:56:39+08:00 ] ::1 ::1 GET /tp505/public/static/css/bootstrap.min.css.map
[ log ] localhost/tp505/public/static/css/bootstrap.min.css.map [运行时间：0.088005s][吞吐率：11.36req/s] [内存消耗：1,486.93kb] [文件加载：45]
[ info ] [ LANG ] D:\AppServ\www\tp505\thinkphp\lang\zh-cn.php
[ info ] [ ROUTE ] array (
  'type' => 'module',
  'module' => 
  array (
    0 => 'static',
    1 => 'css',
    2 => 'bootstrap.min.css.map',
  ),
)
[ info ] [ HEADER ] array (
  'host' => 'localhost',
  'connection' => 'keep-alive',
  'cache-control' => 'no-cache',
  'user-agent' => 'Mozilla/5.0 (Windows NT 6.1) AppleWebKit/537.36 (KHTML, like Gecko) Chrome/60.0.3112.101 Safari/537.36',
  'accept-encoding' => 'gzip, deflate, br',
  'accept-language' => 'zh-CN,zh;q=0.8',
  'cookie' => 'pgv_pvi=3237811200; PHPSESSID=5p5hdpts07tvu370piiks4hi24',
)
[ info ] [ PARAM ] array (
)
[ info ] [ LOG ] INIT File

---------------------------------------------------------------
[ 2018-01-18T00:56:40+08:00 ] ::1 ::1 GET /tp505/public/index/Index/searchWj.html?keyWord=6&page=2
[ log ] localhost/tp505/public/index/Index/searchWj.html?keyWord=6&page=2 [运行时间：0.084004s][吞吐率：11.90req/s] [内存消耗：2,039.24kb] [文件加载：56]
[ info ] [ LANG ] D:\AppServ\www\tp505\thinkphp\lang\zh-cn.php
[ info ] [ ROUTE ] array (
  'type' => 'module',
  'module' => 
  array (
    0 => 'index',
    1 => 'Index',
    2 => 'searchWj',
  ),
)
[ info ] [ HEADER ] array (
  'host' => 'localhost',
  'connection' => 'keep-alive',
  'pragma' => 'no-cache',
  'cache-control' => 'no-cache',
  'upgrade-insecure-requests' => '1',
  'user-agent' => 'Mozilla/5.0 (Windows NT 6.1) AppleWebKit/537.36 (KHTML, like Gecko) Chrome/60.0.3112.101 Safari/537.36',
  'accept' => 'text/html,application/xhtml+xml,application/xml;q=0.9,image/webp,image/apng,*/*;q=0.8',
  'referer' => 'http://localhost/tp505/public/index/Index/searchWj.html?keyWord=6&page=1',
  'accept-encoding' => 'gzip, deflate, br',
  'accept-language' => 'zh-CN,zh;q=0.8',
  'cookie' => 'thinkphp_show_page_trace=0|0; pgv_pvi=3237811200; PHPSESSID=5p5hdpts07tvu370piiks4hi24',
)
[ info ] [ PARAM ] array (
  'keyWord' => '6',
  'page' => '2',
)
[ info ] [ RUN ] app\index\controller\Index->searchWj[ D:\AppServ\www\tp505\application\index\controller\Index.php ]
[ info ] [ SESSION ] INIT array (
  'id' => '',
  'var_session_id' => '',
  'prefix' => 'think',
  'type' => '',
  'auto_start' => true,
)
[ info ] [ CACHE ] INIT Memcache
[ info ] [ VIEW ] D:\AppServ\www\tp505\public/../application/index\view\index\personalView.html [ array (
  0 => 'questionnaire',
  1 => 'keyWord',
  2 => 'page',
) ]
[ info ] [ LOG ] INIT File

---------------------------------------------------------------
[ 2018-01-18T00:56:41+08:00 ] ::1 ::1 GET /tp505/public/static/css/bootstrap.min.css.map
[ log ] localhost/tp505/public/static/css/bootstrap.min.css.map [运行时间：0.074004s][吞吐率：13.51req/s] [内存消耗：1,486.93kb] [文件加载：45]
[ info ] [ LANG ] D:\AppServ\www\tp505\thinkphp\lang\zh-cn.php
[ info ] [ ROUTE ] array (
  'type' => 'module',
  'module' => 
  array (
    0 => 'static',
    1 => 'css',
    2 => 'bootstrap.min.css.map',
  ),
)
[ info ] [ HEADER ] array (
  'host' => 'localhost',
  'connection' => 'keep-alive',
  'cache-control' => 'no-cache',
  'user-agent' => 'Mozilla/5.0 (Windows NT 6.1) AppleWebKit/537.36 (KHTML, like Gecko) Chrome/60.0.3112.101 Safari/537.36',
  'accept-encoding' => 'gzip, deflate, br',
  'accept-language' => 'zh-CN,zh;q=0.8',
  'cookie' => 'pgv_pvi=3237811200; PHPSESSID=5p5hdpts07tvu370piiks4hi24',
)
[ info ] [ PARAM ] array (
)
[ info ] [ LOG ] INIT File

---------------------------------------------------------------
[ 2018-01-18T00:56:43+08:00 ] ::1 ::1 GET /tp505/public/index/Index/searchWj.html?keyWord=6&page=1
[ log ] localhost/tp505/public/index/Index/searchWj.html?keyWord=6&page=1 [运行时间：0.076005s][吞吐率：13.16req/s] [内存消耗：2,039.20kb] [文件加载：56]
[ info ] [ LANG ] D:\AppServ\www\tp505\thinkphp\lang\zh-cn.php
[ info ] [ ROUTE ] array (
  'type' => 'module',
  'module' => 
  array (
    0 => 'index',
    1 => 'Index',
    2 => 'searchWj',
  ),
)
[ info ] [ HEADER ] array (
  'host' => 'localhost',
  'connection' => 'keep-alive',
  'pragma' => 'no-cache',
  'cache-control' => 'no-cache',
  'upgrade-insecure-requests' => '1',
  'user-agent' => 'Mozilla/5.0 (Windows NT 6.1) AppleWebKit/537.36 (KHTML, like Gecko) Chrome/60.0.3112.101 Safari/537.36',
  'accept' => 'text/html,application/xhtml+xml,application/xml;q=0.9,image/webp,image/apng,*/*;q=0.8',
  'referer' => 'http://localhost/tp505/public/index/Index/searchWj.html?keyWord=6&page=2',
  'accept-encoding' => 'gzip, deflate, br',
  'accept-language' => 'zh-CN,zh;q=0.8',
  'cookie' => 'thinkphp_show_page_trace=0|0; pgv_pvi=3237811200; PHPSESSID=5p5hdpts07tvu370piiks4hi24',
)
[ info ] [ PARAM ] array (
  'keyWord' => '6',
  'page' => '1',
)
[ info ] [ RUN ] app\index\controller\Index->searchWj[ D:\AppServ\www\tp505\application\index\controller\Index.php ]
[ info ] [ SESSION ] INIT array (
  'id' => '',
  'var_session_id' => '',
  'prefix' => 'think',
  'type' => '',
  'auto_start' => true,
)
[ info ] [ CACHE ] INIT Memcache
[ info ] [ VIEW ] D:\AppServ\www\tp505\public/../application/index\view\index\personalView.html [ array (
  0 => 'questionnaire',
  1 => 'keyWord',
  2 => 'page',
) ]
[ info ] [ LOG ] INIT File

---------------------------------------------------------------
[ 2018-01-18T00:56:44+08:00 ] ::1 ::1 GET /tp505/public/static/css/bootstrap.min.css.map
[ log ] localhost/tp505/public/static/css/bootstrap.min.css.map [运行时间：0.121007s][吞吐率：8.26req/s] [内存消耗：1,486.93kb] [文件加载：45]
[ info ] [ LANG ] D:\AppServ\www\tp505\thinkphp\lang\zh-cn.php
[ info ] [ ROUTE ] array (
  'type' => 'module',
  'module' => 
  array (
    0 => 'static',
    1 => 'css',
    2 => 'bootstrap.min.css.map',
  ),
)
[ info ] [ HEADER ] array (
  'host' => 'localhost',
  'connection' => 'keep-alive',
  'cache-control' => 'no-cache',
  'user-agent' => 'Mozilla/5.0 (Windows NT 6.1) AppleWebKit/537.36 (KHTML, like Gecko) Chrome/60.0.3112.101 Safari/537.36',
  'accept-encoding' => 'gzip, deflate, br',
  'accept-language' => 'zh-CN,zh;q=0.8',
  'cookie' => 'pgv_pvi=3237811200; PHPSESSID=5p5hdpts07tvu370piiks4hi24',
)
[ info ] [ PARAM ] array (
)
[ info ] [ LOG ] INIT File

---------------------------------------------------------------
