[ 2018-02-03T00:03:59+08:00 ] ::1 ::1 GET /hf170724_zc/hf1707_zc/public/home/index/index.html
[ log ] localhost/hf170724_zc/hf1707_zc/public/home/index/index.html [运行时间：1.682096s][吞吐率：0.59req/s] [内存消耗：3,032.00kb] [文件加载：58]
[ info ] [ LANG ] D:\AppServ\www\hf170724_zc\hf1707_zc\thinkphp\lang\zh-cn.php
[ info ] [ ROUTE ] array (
  'type' => 'module',
  'module' => 
  array (
    0 => 'home',
    1 => 'index',
    2 => 'index',
  ),
)
[ info ] [ HEADER ] array (
  'host' => 'localhost',
  'connection' => 'keep-alive',
  'pragma' => 'no-cache',
  'cache-control' => 'no-cache',
  'upgrade-insecure-requests' => '1',
  'user-agent' => 'Mozilla/5.0 (Windows NT 6.1) AppleWebKit/537.36 (KHTML, like Gecko) Chrome/60.0.3112.101 Safari/537.36',
  'accept' => 'text/html,application/xhtml+xml,application/xml;q=0.9,image/webp,image/apng,*/*;q=0.8',
  'referer' => 'http://localhost/hf170724_zc/hf1707_zc/public/home/user/user.html',
  'accept-encoding' => 'gzip, deflate, br',
  'accept-language' => 'zh-CN,zh;q=0.8',
  'cookie' => 'thinkphp_show_page_trace=0|0; pgv_pvi=3237811200; ECS[visit_times]=2; ECS[username]=aaa; ECS[user_id]=3; ECS[password]=4cc569d34c5492d78073b3bc366f03c3; email=97697176%40qq.com; user_pwd=8d738b62880ee126bc862606524ce831; think_template=default; PHPSESSID=5p2khsurc8csim94jacsjkgtb6',
)
[ info ] [ PARAM ] array (
)
[ info ] [ SESSION ] INIT array (
  'id' => '',
  'var_session_id' => '',
  'prefix' => 'think',
  'type' => '',
  'auto_start' => true,
)
[ info ] [ RUN ] app\home\controller\Index->index[ D:\AppServ\www\hf170724_zc\hf1707_zc\application\home\controller\Index.php ]
[ info ] [ DB ] INIT mysql
[ info ] [ DB ] INIT mysql
[ info ] [ DB ] INIT mysql
[ info ] [ DB ] INIT mysql
[ info ] [ VIEW ] D:\AppServ\www\hf170724_zc\hf1707_zc\public/../application/home\view\index\mainView.html [ array (
  0 => 'adList',
  1 => 'hotList',
  2 => 'newList',
  3 => 'oldList',
  4 => 'do',
  5 => 'today',
) ]
[ info ] [ LOG ] INIT File
[ sql ] [ DB ] CONNECT:[ UseTime:0.118007s ] mysql:dbname=hf1707_zc;host=39.106.138.89;port=3306;charset=utf8
[ sql ] [ SQL ] SHOW COLUMNS FROM `zc_ad` [ RunTime:0.084005s ]
[ sql ] [ SQL ] SELECT * FROM `zc_ad` WHERE  `starttime` <= '2018-02-03 00:03:58'  AND `endtime` > '2018-02-03 00:03:58' [ RunTime:0.084004s ]
[ sql ] [ DB ] CONNECT:[ UseTime:0.150009s ] mysql:dbname=hf1707_zc;host=39.106.138.89;port=3306;charset=utf8
[ sql ] [ SQL ] SHOW COLUMNS FROM `zc_project` [ RunTime:0.091005s ]
[ sql ] [ SQL ] SELECT *,datediff(a.endtime,NOW()) resttime FROM zc_project a INNER JOIN `zc_state` `b` ON `a`.`stateid`=`b`.`stateid` WHERE  `a`.`begintime` <= '2018-02-03 00:03:58'  AND `a`.`endtime` > '2018-02-03 00:03:58' ORDER BY a.focuscount desc LIMIT 4 [ RunTime:0.089005s ]
[ sql ] [ DB ] CONNECT:[ UseTime:0.136008s ] mysql:dbname=hf1707_zc;host=39.106.138.89;port=3306;charset=utf8
[ sql ] [ SQL ] SELECT *,datediff(a.endtime,NOW()) resttime FROM zc_project a INNER JOIN `zc_state` `b` ON `a`.`stateid`=`b`.`stateid` WHERE  `a`.`begintime` <= '2018-02-03 00:03:59'  AND `a`.`endtime` > '2018-02-03 00:03:59' ORDER BY a.createtime desc LIMIT 3 [ RunTime:0.092005s ]
[ sql ] [ DB ] CONNECT:[ UseTime:0.137008s ] mysql:dbname=hf1707_zc;host=39.106.138.89;port=3306;charset=utf8
[ sql ] [ SQL ] SELECT *,datediff(a.endtime,NOW()) resttime FROM zc_project a INNER JOIN `zc_state` `b` ON `a`.`stateid`=`b`.`stateid` WHERE  `a`.`begintime` <= '2018-02-03 00:03:59'  AND `a`.`endtime` > '2018-02-03 00:03:59' ORDER BY `a`.`endtime` LIMIT 3 [ RunTime:0.101006s ]

---------------------------------------------------------------
[ 2018-02-03T00:04:00+08:00 ] ::1 ::1 GET /hf170724_zc/hf1707_zc/public/home/index/img/home/mainView/goods1.jpg
[ log ] localhost/hf170724_zc/hf1707_zc/public/home/index/img/home/mainView/goods1.jpg [运行时间：0.202012s][吞吐率：4.95req/s] [内存消耗：1,813.44kb] [文件加载：52]
[ info ] [ LANG ] D:\AppServ\www\hf170724_zc\hf1707_zc\thinkphp\lang\zh-cn.php
[ info ] [ ROUTE ] array (
  'type' => 'module',
  'module' => 
  array (
    0 => 'home',
    1 => 'index',
    2 => 'img',
  ),
)
[ info ] [ HEADER ] array (
  'host' => 'localhost',
  'connection' => 'keep-alive',
  'pragma' => 'no-cache',
  'cache-control' => 'no-cache',
  'user-agent' => 'Mozilla/5.0 (Windows NT 6.1) AppleWebKit/537.36 (KHTML, like Gecko) Chrome/60.0.3112.101 Safari/537.36',
  'accept' => 'image/webp,image/apng,image/*,*/*;q=0.8',
  'referer' => 'http://localhost/hf170724_zc/hf1707_zc/public/home/index/index.html',
  'accept-encoding' => 'gzip, deflate, br',
  'accept-language' => 'zh-CN,zh;q=0.8',
  'cookie' => 'thinkphp_show_page_trace=0|0; pgv_pvi=3237811200; ECS[visit_times]=2; ECS[username]=aaa; ECS[user_id]=3; ECS[password]=4cc569d34c5492d78073b3bc366f03c3; email=97697176%40qq.com; user_pwd=8d738b62880ee126bc862606524ce831; think_template=default; PHPSESSID=5p2khsurc8csim94jacsjkgtb6',
)
[ info ] [ PARAM ] array (
  'home' => 'mainView',
)
[ info ] [ SESSION ] INIT array (
  'id' => '',
  'var_session_id' => '',
  'prefix' => 'think',
  'type' => '',
  'auto_start' => true,
)
[ info ] [ LOG ] INIT File

---------------------------------------------------------------
[ 2018-02-03T00:04:00+08:00 ] ::1 ::1 GET /hf170724_zc/hf1707_zc/public/home/index/img/home/mainView/banner1.jpg
[ log ] localhost/hf170724_zc/hf1707_zc/public/home/index/img/home/mainView/banner1.jpg [运行时间：0.172009s][吞吐率：5.81req/s] [内存消耗：1,813.56kb] [文件加载：52]
[ info ] [ LANG ] D:\AppServ\www\hf170724_zc\hf1707_zc\thinkphp\lang\zh-cn.php
[ info ] [ ROUTE ] array (
  'type' => 'module',
  'module' => 
  array (
    0 => 'home',
    1 => 'index',
    2 => 'img',
  ),
)
[ info ] [ HEADER ] array (
  'host' => 'localhost',
  'connection' => 'keep-alive',
  'pragma' => 'no-cache',
  'cache-control' => 'no-cache',
  'user-agent' => 'Mozilla/5.0 (Windows NT 6.1) AppleWebKit/537.36 (KHTML, like Gecko) Chrome/60.0.3112.101 Safari/537.36',
  'accept' => 'image/webp,image/apng,image/*,*/*;q=0.8',
  'referer' => 'http://localhost/hf170724_zc/hf1707_zc/public/home/index/index.html',
  'accept-encoding' => 'gzip, deflate, br',
  'accept-language' => 'zh-CN,zh;q=0.8',
  'cookie' => 'thinkphp_show_page_trace=0|0; pgv_pvi=3237811200; ECS[visit_times]=2; ECS[username]=aaa; ECS[user_id]=3; ECS[password]=4cc569d34c5492d78073b3bc366f03c3; email=97697176%40qq.com; user_pwd=8d738b62880ee126bc862606524ce831; think_template=default; PHPSESSID=5p2khsurc8csim94jacsjkgtb6',
)
[ info ] [ PARAM ] array (
  'home' => 'mainView',
)
[ info ] [ SESSION ] INIT array (
  'id' => '',
  'var_session_id' => '',
  'prefix' => 'think',
  'type' => '',
  'auto_start' => true,
)
[ info ] [ LOG ] INIT File

---------------------------------------------------------------
[ 2018-02-03T00:04:01+08:00 ] ::1 ::1 GET /hf170724_zc/hf1707_zc/public/static/css/bootstrap.min.css.map
[ log ] localhost/hf170724_zc/hf1707_zc/public/static/css/bootstrap.min.css.map [运行时间：0.263016s][吞吐率：3.80req/s] [内存消耗：1,501.27kb] [文件加载：44]
[ info ] [ LANG ] D:\AppServ\www\hf170724_zc\hf1707_zc\thinkphp\lang\zh-cn.php
[ info ] [ ROUTE ] array (
  'type' => 'module',
  'module' => 
  array (
    0 => 'static',
    1 => 'css',
    2 => 'bootstrap.min.css.map',
  ),
)
[ info ] [ HEADER ] array (
  'host' => 'localhost',
  'connection' => 'keep-alive',
  'cache-control' => 'no-cache',
  'user-agent' => 'Mozilla/5.0 (Windows NT 6.1) AppleWebKit/537.36 (KHTML, like Gecko) Chrome/60.0.3112.101 Safari/537.36',
  'accept-encoding' => 'gzip, deflate, br',
  'accept-language' => 'zh-CN,zh;q=0.8',
  'cookie' => 'pgv_pvi=3237811200; ECS[visit_times]=2; ECS[username]=aaa; ECS[user_id]=3; ECS[password]=4cc569d34c5492d78073b3bc366f03c3; email=97697176%40qq.com; user_pwd=8d738b62880ee126bc862606524ce831; think_template=default; PHPSESSID=5p2khsurc8csim94jacsjkgtb6',
)
[ info ] [ PARAM ] array (
)
[ info ] [ LOG ] INIT File

---------------------------------------------------------------
[ 2018-02-03T00:04:02+08:00 ] ::1 ::1 GET /hf170724_zc/hf1707_zc/public/home/index/img/home/mainView/goods1.jpg
[ log ] localhost/hf170724_zc/hf1707_zc/public/home/index/img/home/mainView/goods1.jpg [运行时间：0.098006s][吞吐率：10.20req/s] [内存消耗：1,813.46kb] [文件加载：52]
[ info ] [ LANG ] D:\AppServ\www\hf170724_zc\hf1707_zc\thinkphp\lang\zh-cn.php
[ info ] [ ROUTE ] array (
  'type' => 'module',
  'module' => 
  array (
    0 => 'home',
    1 => 'index',
    2 => 'img',
  ),
)
[ info ] [ HEADER ] array (
  'host' => 'localhost',
  'connection' => 'keep-alive',
  'pragma' => 'no-cache',
  'cache-control' => 'no-cache',
  'user-agent' => 'Mozilla/5.0 (Windows NT 6.1) AppleWebKit/537.36 (KHTML, like Gecko) Chrome/60.0.3112.101 Safari/537.36',
  'accept' => 'image/webp,image/apng,image/*,*/*;q=0.8',
  'referer' => 'http://localhost/hf170724_zc/hf1707_zc/public/home/index/index.html',
  'accept-encoding' => 'gzip, deflate, br',
  'accept-language' => 'zh-CN,zh;q=0.8',
  'cookie' => 'thinkphp_show_page_trace=0|0; pgv_pvi=3237811200; ECS[visit_times]=2; ECS[username]=aaa; ECS[user_id]=3; ECS[password]=4cc569d34c5492d78073b3bc366f03c3; email=97697176%40qq.com; user_pwd=8d738b62880ee126bc862606524ce831; think_template=default; PHPSESSID=5p2khsurc8csim94jacsjkgtb6',
)
[ info ] [ PARAM ] array (
  'home' => 'mainView',
)
[ info ] [ SESSION ] INIT array (
  'id' => '',
  'var_session_id' => '',
  'prefix' => 'think',
  'type' => '',
  'auto_start' => true,
)
[ info ] [ LOG ] INIT File

---------------------------------------------------------------
[ 2018-02-03T00:08:01+08:00 ] ::1 ::1 GET /hf170724_zc/hf1707_zc/public/home/index/index.html
[ log ] localhost/hf170724_zc/hf1707_zc/public/home/index/index.html [运行时间：1.370078s][吞吐率：0.73req/s] [内存消耗：3,026.20kb] [文件加载：58]
[ info ] [ LANG ] D:\AppServ\www\hf170724_zc\hf1707_zc\thinkphp\lang\zh-cn.php
[ info ] [ ROUTE ] array (
  'type' => 'module',
  'module' => 
  array (
    0 => 'home',
    1 => 'index',
    2 => 'index',
  ),
)
[ info ] [ HEADER ] array (
  'host' => 'localhost',
  'connection' => 'keep-alive',
  'pragma' => 'no-cache',
  'cache-control' => 'no-cache',
  'upgrade-insecure-requests' => '1',
  'user-agent' => 'Mozilla/5.0 (Windows NT 6.1) AppleWebKit/537.36 (KHTML, like Gecko) Chrome/60.0.3112.101 Safari/537.36',
  'accept' => 'text/html,application/xhtml+xml,application/xml;q=0.9,image/webp,image/apng,*/*;q=0.8',
  'referer' => 'http://localhost/hf170724_zc/hf1707_zc/public/home/user/user.html',
  'accept-encoding' => 'gzip, deflate, br',
  'accept-language' => 'zh-CN,zh;q=0.8',
  'cookie' => 'thinkphp_show_page_trace=0|0; pgv_pvi=3237811200; ECS[visit_times]=2; ECS[username]=aaa; ECS[user_id]=3; ECS[password]=4cc569d34c5492d78073b3bc366f03c3; email=97697176%40qq.com; user_pwd=8d738b62880ee126bc862606524ce831; think_template=default; PHPSESSID=5p2khsurc8csim94jacsjkgtb6',
)
[ info ] [ PARAM ] array (
)
[ info ] [ SESSION ] INIT array (
  'id' => '',
  'var_session_id' => '',
  'prefix' => 'think',
  'type' => '',
  'auto_start' => true,
)
[ info ] [ RUN ] app\home\controller\Index->index[ D:\AppServ\www\hf170724_zc\hf1707_zc\application\home\controller\Index.php ]
[ info ] [ DB ] INIT mysql
[ info ] [ DB ] INIT mysql
[ info ] [ DB ] INIT mysql
[ info ] [ DB ] INIT mysql
[ info ] [ VIEW ] D:\AppServ\www\hf170724_zc\hf1707_zc\public/../application/home\view\index\mainView.html [ array (
  0 => 'adList',
  1 => 'hotList',
  2 => 'newList',
  3 => 'oldList',
  4 => 'do',
  5 => 'today',
) ]
[ info ] [ LOG ] INIT File
[ sql ] [ DB ] CONNECT:[ UseTime:0.148008s ] mysql:dbname=hf1707_zc;host=39.106.138.89;port=3306;charset=utf8
[ sql ] [ SQL ] SHOW COLUMNS FROM `zc_ad` [ RunTime:0.139007s ]
[ sql ] [ SQL ] SELECT * FROM `zc_ad` WHERE  `starttime` <= '2018-02-03 00:08:00'  AND `endtime` > '2018-02-03 00:08:00' [ RunTime:0.104005s ]
[ sql ] [ DB ] CONNECT:[ UseTime:0.148008s ] mysql:dbname=hf1707_zc;host=39.106.138.89;port=3306;charset=utf8
[ sql ] [ SQL ] SHOW COLUMNS FROM `zc_project` [ RunTime:0.097006s ]
[ sql ] [ SQL ] SELECT *,datediff(a.endtime,NOW()) resttime FROM zc_project a INNER JOIN `zc_state` `b` ON `a`.`stateid`=`b`.`stateid` WHERE  `a`.`begintime` <= '2018-02-03 00:08:00'  AND `a`.`endtime` > '2018-02-03 00:08:00' ORDER BY a.focuscount desc LIMIT 4 [ RunTime:0.122007s ]
[ sql ] [ DB ] CONNECT:[ UseTime:0.146008s ] mysql:dbname=hf1707_zc;host=39.106.138.89;port=3306;charset=utf8
[ sql ] [ SQL ] SELECT *,datediff(a.endtime,NOW()) resttime FROM zc_project a INNER JOIN `zc_state` `b` ON `a`.`stateid`=`b`.`stateid` WHERE  `a`.`begintime` <= '2018-02-03 00:08:01'  AND `a`.`endtime` > '2018-02-03 00:08:01' ORDER BY a.createtime desc LIMIT 3 [ RunTime:0.095005s ]
[ sql ] [ DB ] CONNECT:[ UseTime:0.156009s ] mysql:dbname=hf1707_zc;host=39.106.138.89;port=3306;charset=utf8
[ sql ] [ SQL ] SELECT *,datediff(a.endtime,NOW()) resttime FROM zc_project a INNER JOIN `zc_state` `b` ON `a`.`stateid`=`b`.`stateid` WHERE  `a`.`begintime` <= '2018-02-03 00:08:01'  AND `a`.`endtime` > '2018-02-03 00:08:01' ORDER BY `a`.`endtime` LIMIT 3 [ RunTime:0.102006s ]

---------------------------------------------------------------
[ 2018-02-03T00:08:01+08:00 ] ::1 ::1 GET /hf170724_zc/hf1707_zc/public/static/css/bootstrap.min.css.map
[ log ] localhost/hf170724_zc/hf1707_zc/public/static/css/bootstrap.min.css.map [运行时间：0.100006s][吞吐率：10.00req/s] [内存消耗：1,501.24kb] [文件加载：44]
[ info ] [ LANG ] D:\AppServ\www\hf170724_zc\hf1707_zc\thinkphp\lang\zh-cn.php
[ info ] [ ROUTE ] array (
  'type' => 'module',
  'module' => 
  array (
    0 => 'static',
    1 => 'css',
    2 => 'bootstrap.min.css.map',
  ),
)
[ info ] [ HEADER ] array (
  'host' => 'localhost',
  'connection' => 'keep-alive',
  'cache-control' => 'no-cache',
  'user-agent' => 'Mozilla/5.0 (Windows NT 6.1) AppleWebKit/537.36 (KHTML, like Gecko) Chrome/60.0.3112.101 Safari/537.36',
  'accept-encoding' => 'gzip, deflate, br',
  'accept-language' => 'zh-CN,zh;q=0.8',
  'cookie' => 'pgv_pvi=3237811200; ECS[visit_times]=2; ECS[username]=aaa; ECS[user_id]=3; ECS[password]=4cc569d34c5492d78073b3bc366f03c3; email=97697176%40qq.com; user_pwd=8d738b62880ee126bc862606524ce831; think_template=default; PHPSESSID=5p2khsurc8csim94jacsjkgtb6',
)
[ info ] [ PARAM ] array (
)
[ info ] [ LOG ] INIT File

---------------------------------------------------------------
[ 2018-02-03T00:08:06+08:00 ] ::1 ::1 GET /hf170724_zc/hf1707_zc/public/home/index/index.html
[ log ] localhost/hf170724_zc/hf1707_zc/public/home/index/index.html [运行时间：1.242071s][吞吐率：0.81req/s] [内存消耗：2,735.23kb] [文件加载：56]
[ info ] [ LANG ] D:\AppServ\www\hf170724_zc\hf1707_zc\thinkphp\lang\zh-cn.php
[ info ] [ ROUTE ] array (
  'type' => 'module',
  'module' => 
  array (
    0 => 'home',
    1 => 'index',
    2 => 'index',
  ),
)
[ info ] [ HEADER ] array (
  'host' => 'localhost',
  'connection' => 'keep-alive',
  'pragma' => 'no-cache',
  'cache-control' => 'no-cache',
  'upgrade-insecure-requests' => '1',
  'user-agent' => 'Mozilla/5.0 (Windows NT 6.1) AppleWebKit/537.36 (KHTML, like Gecko) Chrome/60.0.3112.101 Safari/537.36',
  'accept' => 'text/html,application/xhtml+xml,application/xml;q=0.9,image/webp,image/apng,*/*;q=0.8',
  'referer' => 'http://localhost/hf170724_zc/hf1707_zc/public/home/user/user.html',
  'accept-encoding' => 'gzip, deflate, br',
  'accept-language' => 'zh-CN,zh;q=0.8',
  'cookie' => 'thinkphp_show_page_trace=0|0; pgv_pvi=3237811200; ECS[visit_times]=2; ECS[username]=aaa; ECS[user_id]=3; ECS[password]=4cc569d34c5492d78073b3bc366f03c3; email=97697176%40qq.com; user_pwd=8d738b62880ee126bc862606524ce831; think_template=default; PHPSESSID=5p2khsurc8csim94jacsjkgtb6',
)
[ info ] [ PARAM ] array (
)
[ info ] [ SESSION ] INIT array (
  'id' => '',
  'var_session_id' => '',
  'prefix' => 'think',
  'type' => '',
  'auto_start' => true,
)
[ info ] [ RUN ] app\home\controller\Index->index[ D:\AppServ\www\hf170724_zc\hf1707_zc\application\home\controller\Index.php ]
[ info ] [ DB ] INIT mysql
[ info ] [ DB ] INIT mysql
[ info ] [ DB ] INIT mysql
[ info ] [ DB ] INIT mysql
[ info ] [ VIEW ] D:\AppServ\www\hf170724_zc\hf1707_zc\public/../application/home\view\index\mainView.html [ array (
  0 => 'adList',
  1 => 'hotList',
  2 => 'newList',
  3 => 'oldList',
  4 => 'do',
  5 => 'today',
) ]
[ info ] [ LOG ] INIT File
[ sql ] [ DB ] CONNECT:[ UseTime:0.145008s ] mysql:dbname=hf1707_zc;host=39.106.138.89;port=3306;charset=utf8
[ sql ] [ SQL ] SHOW COLUMNS FROM `zc_ad` [ RunTime:0.093006s ]
[ sql ] [ SQL ] SELECT * FROM `zc_ad` WHERE  `starttime` <= '2018-02-03 00:08:05'  AND `endtime` > '2018-02-03 00:08:05' [ RunTime:0.103006s ]
[ sql ] [ DB ] CONNECT:[ UseTime:0.140008s ] mysql:dbname=hf1707_zc;host=39.106.138.89;port=3306;charset=utf8
[ sql ] [ SQL ] SHOW COLUMNS FROM `zc_project` [ RunTime:0.080004s ]
[ sql ] [ SQL ] SELECT *,datediff(a.endtime,NOW()) resttime FROM zc_project a INNER JOIN `zc_state` `b` ON `a`.`stateid`=`b`.`stateid` WHERE  `a`.`begintime` <= '2018-02-03 00:08:05'  AND `a`.`endtime` > '2018-02-03 00:08:05' ORDER BY a.focuscount desc LIMIT 4 [ RunTime:0.087005s ]
[ sql ] [ DB ] CONNECT:[ UseTime:0.157009s ] mysql:dbname=hf1707_zc;host=39.106.138.89;port=3306;charset=utf8
[ sql ] [ SQL ] SELECT *,datediff(a.endtime,NOW()) resttime FROM zc_project a INNER JOIN `zc_state` `b` ON `a`.`stateid`=`b`.`stateid` WHERE  `a`.`begintime` <= '2018-02-03 00:08:06'  AND `a`.`endtime` > '2018-02-03 00:08:06' ORDER BY a.createtime desc LIMIT 3 [ RunTime:0.100006s ]
[ sql ] [ DB ] CONNECT:[ UseTime:0.143008s ] mysql:dbname=hf1707_zc;host=39.106.138.89;port=3306;charset=utf8
[ sql ] [ SQL ] SELECT *,datediff(a.endtime,NOW()) resttime FROM zc_project a INNER JOIN `zc_state` `b` ON `a`.`stateid`=`b`.`stateid` WHERE  `a`.`begintime` <= '2018-02-03 00:08:06'  AND `a`.`endtime` > '2018-02-03 00:08:06' ORDER BY `a`.`endtime` LIMIT 3 [ RunTime:0.096006s ]

---------------------------------------------------------------
[ 2018-02-03T00:08:07+08:00 ] ::1 ::1 GET /hf170724_zc/hf1707_zc/public/static/css/bootstrap.min.css.map
[ log ] localhost/hf170724_zc/hf1707_zc/public/static/css/bootstrap.min.css.map [运行时间：0.041002s][吞吐率：24.39req/s] [内存消耗：1,501.24kb] [文件加载：44]
[ info ] [ LANG ] D:\AppServ\www\hf170724_zc\hf1707_zc\thinkphp\lang\zh-cn.php
[ info ] [ ROUTE ] array (
  'type' => 'module',
  'module' => 
  array (
    0 => 'static',
    1 => 'css',
    2 => 'bootstrap.min.css.map',
  ),
)
[ info ] [ HEADER ] array (
  'host' => 'localhost',
  'connection' => 'keep-alive',
  'cache-control' => 'no-cache',
  'user-agent' => 'Mozilla/5.0 (Windows NT 6.1) AppleWebKit/537.36 (KHTML, like Gecko) Chrome/60.0.3112.101 Safari/537.36',
  'accept-encoding' => 'gzip, deflate, br',
  'accept-language' => 'zh-CN,zh;q=0.8',
  'cookie' => 'pgv_pvi=3237811200; ECS[visit_times]=2; ECS[username]=aaa; ECS[user_id]=3; ECS[password]=4cc569d34c5492d78073b3bc366f03c3; email=97697176%40qq.com; user_pwd=8d738b62880ee126bc862606524ce831; think_template=default; PHPSESSID=5p2khsurc8csim94jacsjkgtb6',
)
[ info ] [ PARAM ] array (
)
[ info ] [ LOG ] INIT File

---------------------------------------------------------------
[ 2018-02-03T00:30:27+08:00 ] ::1 ::1 GET /hf170724_zc/hf1707_zc/public/home/Index/index.html
[ log ] localhost/hf170724_zc/hf1707_zc/public/home/Index/index.html [运行时间：2.270130s][吞吐率：0.44req/s] [内存消耗：3,017.95kb] [文件加载：58]
[ info ] [ LANG ] D:\AppServ\www\hf170724_zc\hf1707_zc\thinkphp\lang\zh-cn.php
[ info ] [ ROUTE ] array (
  'type' => 'module',
  'module' => 
  array (
    0 => 'home',
    1 => 'Index',
    2 => 'index',
  ),
)
[ info ] [ HEADER ] array (
  'host' => 'localhost',
  'connection' => 'keep-alive',
  'upgrade-insecure-requests' => '1',
  'user-agent' => 'Mozilla/5.0 (Windows NT 6.1) AppleWebKit/537.36 (KHTML, like Gecko) Chrome/60.0.3112.101 Safari/537.36',
  'accept' => 'text/html,application/xhtml+xml,application/xml;q=0.9,image/webp,image/apng,*/*;q=0.8',
  'accept-encoding' => 'gzip, deflate, br',
  'accept-language' => 'zh-CN,zh;q=0.8',
  'cookie' => 'pgv_pvi=3237811200; ECS[visit_times]=2; ECS[username]=aaa; ECS[user_id]=3; ECS[password]=4cc569d34c5492d78073b3bc366f03c3; email=97697176%40qq.com; user_pwd=8d738b62880ee126bc862606524ce831; think_template=default',
)
[ info ] [ PARAM ] array (
)
[ info ] [ SESSION ] INIT array (
  'id' => '',
  'var_session_id' => '',
  'prefix' => 'think',
  'type' => '',
  'auto_start' => true,
)
[ info ] [ RUN ] app\home\controller\Index->index[ D:\AppServ\www\hf170724_zc\hf1707_zc\application\home\controller\Index.php ]
[ info ] [ DB ] INIT mysql
[ info ] [ DB ] INIT mysql
[ info ] [ DB ] INIT mysql
[ info ] [ DB ] INIT mysql
[ info ] [ VIEW ] D:\AppServ\www\hf170724_zc\hf1707_zc\public/../application/home\view\index\mainView.html [ array (
  0 => 'adList',
  1 => 'hotList',
  2 => 'newList',
  3 => 'oldList',
  4 => 'do',
  5 => 'today',
) ]
[ info ] [ LOG ] INIT File
[ sql ] [ DB ] CONNECT:[ UseTime:0.199011s ] mysql:dbname=hf1707_zc;host=39.106.138.89;port=3306;charset=utf8
[ sql ] [ SQL ] SHOW COLUMNS FROM `zc_ad` [ RunTime:0.098006s ]
[ sql ] [ SQL ] SELECT * FROM `zc_ad` WHERE  `starttime` <= '2018-02-03 00:30:25'  AND `endtime` > '2018-02-03 00:30:25' [ RunTime:0.125007s ]
[ sql ] [ DB ] CONNECT:[ UseTime:0.157009s ] mysql:dbname=hf1707_zc;host=39.106.138.89;port=3306;charset=utf8
[ sql ] [ SQL ] SHOW COLUMNS FROM `zc_project` [ RunTime:0.130007s ]
[ sql ] [ SQL ] SELECT *,datediff(a.endtime,NOW()) resttime FROM zc_project a INNER JOIN `zc_state` `b` ON `a`.`stateid`=`b`.`stateid` WHERE  `a`.`begintime` <= '2018-02-03 00:30:26'  AND `a`.`endtime` > '2018-02-03 00:30:26' ORDER BY a.focuscount desc LIMIT 4 [ RunTime:0.105007s ]
[ sql ] [ DB ] CONNECT:[ UseTime:0.156008s ] mysql:dbname=hf1707_zc;host=39.106.138.89;port=3306;charset=utf8
[ sql ] [ SQL ] SELECT *,datediff(a.endtime,NOW()) resttime FROM zc_project a INNER JOIN `zc_state` `b` ON `a`.`stateid`=`b`.`stateid` WHERE  `a`.`begintime` <= '2018-02-03 00:30:26'  AND `a`.`endtime` > '2018-02-03 00:30:26' ORDER BY a.createtime desc LIMIT 3 [ RunTime:0.468026s ]
[ sql ] [ DB ] CONNECT:[ UseTime:0.167010s ] mysql:dbname=hf1707_zc;host=39.106.138.89;port=3306;charset=utf8
[ sql ] [ SQL ] SELECT *,datediff(a.endtime,NOW()) resttime FROM zc_project a INNER JOIN `zc_state` `b` ON `a`.`stateid`=`b`.`stateid` WHERE  `a`.`begintime` <= '2018-02-03 00:30:27'  AND `a`.`endtime` > '2018-02-03 00:30:27' ORDER BY `a`.`endtime` LIMIT 3 [ RunTime:0.103006s ]

---------------------------------------------------------------
[ 2018-02-03T00:32:07+08:00 ] ::1 ::1 GET /hf170724_zc/hf1707_zc/public/home/Index/index.html
[ log ] localhost/hf170724_zc/hf1707_zc/public/home/Index/index.html [运行时间：1.333076s][吞吐率：0.75req/s] [内存消耗：3,017.48kb] [文件加载：58]
[ info ] [ LANG ] D:\AppServ\www\hf170724_zc\hf1707_zc\thinkphp\lang\zh-cn.php
[ info ] [ ROUTE ] array (
  'type' => 'module',
  'module' => 
  array (
    0 => 'home',
    1 => 'Index',
    2 => 'index',
  ),
)
[ info ] [ HEADER ] array (
  'host' => 'localhost',
  'connection' => 'keep-alive',
  'cache-control' => 'max-age=0',
  'upgrade-insecure-requests' => '1',
  'user-agent' => 'Mozilla/5.0 (Windows NT 6.1) AppleWebKit/537.36 (KHTML, like Gecko) Chrome/60.0.3112.101 Safari/537.36',
  'accept' => 'text/html,application/xhtml+xml,application/xml;q=0.9,image/webp,image/apng,*/*;q=0.8',
  'accept-encoding' => 'gzip, deflate, br',
  'accept-language' => 'zh-CN,zh;q=0.8',
  'cookie' => 'thinkphp_show_page_trace=0|0; pgv_pvi=3237811200; ECS[visit_times]=2; ECS[username]=aaa; ECS[user_id]=3; ECS[password]=4cc569d34c5492d78073b3bc366f03c3; email=97697176%40qq.com; user_pwd=8d738b62880ee126bc862606524ce831; think_template=default; PHPSESSID=qe3r4q5me4sl4bt8ksuttrsr63',
)
[ info ] [ PARAM ] array (
)
[ info ] [ SESSION ] INIT array (
  'id' => '',
  'var_session_id' => '',
  'prefix' => 'think',
  'type' => '',
  'auto_start' => true,
)
[ info ] [ RUN ] app\home\controller\Index->index[ D:\AppServ\www\hf170724_zc\hf1707_zc\application\home\controller\Index.php ]
[ info ] [ DB ] INIT mysql
[ info ] [ DB ] INIT mysql
[ info ] [ DB ] INIT mysql
[ info ] [ DB ] INIT mysql
[ info ] [ VIEW ] D:\AppServ\www\hf170724_zc\hf1707_zc\public/../application/home\view\index\mainView.html [ array (
  0 => 'adList',
  1 => 'hotList',
  2 => 'newList',
  3 => 'oldList',
  4 => 'do',
  5 => 'today',
) ]
[ info ] [ LOG ] INIT File
[ sql ] [ DB ] CONNECT:[ UseTime:0.148009s ] mysql:dbname=hf1707_zc;host=39.106.138.89;port=3306;charset=utf8
[ sql ] [ SQL ] SHOW COLUMNS FROM `zc_ad` [ RunTime:0.099006s ]
[ sql ] [ SQL ] SELECT * FROM `zc_ad` WHERE  `starttime` <= '2018-02-03 00:32:06'  AND `endtime` > '2018-02-03 00:32:06' [ RunTime:0.100005s ]
[ sql ] [ DB ] CONNECT:[ UseTime:0.141008s ] mysql:dbname=hf1707_zc;host=39.106.138.89;port=3306;charset=utf8
[ sql ] [ SQL ] SHOW COLUMNS FROM `zc_project` [ RunTime:0.094006s ]
[ sql ] [ SQL ] SELECT *,datediff(a.endtime,NOW()) resttime FROM zc_project a INNER JOIN `zc_state` `b` ON `a`.`stateid`=`b`.`stateid` WHERE  `a`.`begintime` <= '2018-02-03 00:32:06'  AND `a`.`endtime` > '2018-02-03 00:32:06' ORDER BY a.focuscount desc LIMIT 4 [ RunTime:0.123007s ]
[ sql ] [ DB ] CONNECT:[ UseTime:0.161009s ] mysql:dbname=hf1707_zc;host=39.106.138.89;port=3306;charset=utf8
[ sql ] [ SQL ] SELECT *,datediff(a.endtime,NOW()) resttime FROM zc_project a INNER JOIN `zc_state` `b` ON `a`.`stateid`=`b`.`stateid` WHERE  `a`.`begintime` <= '2018-02-03 00:32:07'  AND `a`.`endtime` > '2018-02-03 00:32:07' ORDER BY a.createtime desc LIMIT 3 [ RunTime:0.101006s ]
[ sql ] [ DB ] CONNECT:[ UseTime:0.138008s ] mysql:dbname=hf1707_zc;host=39.106.138.89;port=3306;charset=utf8
[ sql ] [ SQL ] SELECT *,datediff(a.endtime,NOW()) resttime FROM zc_project a INNER JOIN `zc_state` `b` ON `a`.`stateid`=`b`.`stateid` WHERE  `a`.`begintime` <= '2018-02-03 00:32:07'  AND `a`.`endtime` > '2018-02-03 00:32:07' ORDER BY `a`.`endtime` LIMIT 3 [ RunTime:0.091005s ]

---------------------------------------------------------------
[ 2018-02-03T00:33:14+08:00 ] ::1 ::1 GET /hf170724_zc/hf1707_zc/public/home/Index/index.html
[ log ] localhost/hf170724_zc/hf1707_zc/public/home/Index/index.html [运行时间：2.468141s][吞吐率：0.41req/s] [内存消耗：2,725.68kb] [文件加载：56]
[ info ] [ LANG ] D:\AppServ\www\hf170724_zc\hf1707_zc\thinkphp\lang\zh-cn.php
[ info ] [ ROUTE ] array (
  'type' => 'module',
  'module' => 
  array (
    0 => 'home',
    1 => 'Index',
    2 => 'index',
  ),
)
[ info ] [ HEADER ] array (
  'host' => 'localhost',
  'connection' => 'keep-alive',
  'cache-control' => 'max-age=0',
  'upgrade-insecure-requests' => '1',
  'user-agent' => 'Mozilla/5.0 (Windows NT 6.1) AppleWebKit/537.36 (KHTML, like Gecko) Chrome/60.0.3112.101 Safari/537.36',
  'accept' => 'text/html,application/xhtml+xml,application/xml;q=0.9,image/webp,image/apng,*/*;q=0.8',
  'accept-encoding' => 'gzip, deflate, br',
  'accept-language' => 'zh-CN,zh;q=0.8',
  'cookie' => 'thinkphp_show_page_trace=0|0; pgv_pvi=3237811200; ECS[visit_times]=2; ECS[username]=aaa; ECS[user_id]=3; ECS[password]=4cc569d34c5492d78073b3bc366f03c3; email=97697176%40qq.com; user_pwd=8d738b62880ee126bc862606524ce831; think_template=default; PHPSESSID=qe3r4q5me4sl4bt8ksuttrsr63',
)
[ info ] [ PARAM ] array (
)
[ info ] [ SESSION ] INIT array (
  'id' => '',
  'var_session_id' => '',
  'prefix' => 'think',
  'type' => '',
  'auto_start' => true,
)
[ info ] [ RUN ] app\home\controller\Index->index[ D:\AppServ\www\hf170724_zc\hf1707_zc\application\home\controller\Index.php ]
[ info ] [ DB ] INIT mysql
[ info ] [ DB ] INIT mysql
[ info ] [ DB ] INIT mysql
[ info ] [ DB ] INIT mysql
[ info ] [ VIEW ] D:\AppServ\www\hf170724_zc\hf1707_zc\public/../application/home\view\index\mainView.html [ array (
  0 => 'adList',
  1 => 'hotList',
  2 => 'newList',
  3 => 'oldList',
  4 => 'do',
  5 => 'today',
) ]
[ info ] [ LOG ] INIT File
[ sql ] [ DB ] CONNECT:[ UseTime:0.322018s ] mysql:dbname=hf1707_zc;host=39.106.138.89;port=3306;charset=utf8
[ sql ] [ SQL ] SHOW COLUMNS FROM `zc_ad` [ RunTime:0.238014s ]
[ sql ] [ SQL ] SELECT * FROM `zc_ad` WHERE  `starttime` <= '2018-02-03 00:33:12'  AND `endtime` > '2018-02-03 00:33:12' [ RunTime:0.205012s ]
[ sql ] [ DB ] CONNECT:[ UseTime:0.248014s ] mysql:dbname=hf1707_zc;host=39.106.138.89;port=3306;charset=utf8
[ sql ] [ SQL ] SHOW COLUMNS FROM `zc_project` [ RunTime:0.156009s ]
[ sql ] [ SQL ] SELECT *,datediff(a.endtime,NOW()) resttime FROM zc_project a INNER JOIN `zc_state` `b` ON `a`.`stateid`=`b`.`stateid` WHERE  `a`.`begintime` <= '2018-02-03 00:33:13'  AND `a`.`endtime` > '2018-02-03 00:33:13' ORDER BY a.focuscount desc LIMIT 4 [ RunTime:0.167009s ]
[ sql ] [ DB ] CONNECT:[ UseTime:0.176010s ] mysql:dbname=hf1707_zc;host=39.106.138.89;port=3306;charset=utf8
[ sql ] [ SQL ] SELECT *,datediff(a.endtime,NOW()) resttime FROM zc_project a INNER JOIN `zc_state` `b` ON `a`.`stateid`=`b`.`stateid` WHERE  `a`.`begintime` <= '2018-02-03 00:33:13'  AND `a`.`endtime` > '2018-02-03 00:33:13' ORDER BY a.createtime desc LIMIT 3 [ RunTime:0.154009s ]
[ sql ] [ DB ] CONNECT:[ UseTime:0.251014s ] mysql:dbname=hf1707_zc;host=39.106.138.89;port=3306;charset=utf8
[ sql ] [ SQL ] SELECT *,datediff(a.endtime,NOW()) resttime FROM zc_project a INNER JOIN `zc_state` `b` ON `a`.`stateid`=`b`.`stateid` WHERE  `a`.`begintime` <= '2018-02-03 00:33:14'  AND `a`.`endtime` > '2018-02-03 00:33:14' ORDER BY `a`.`endtime` LIMIT 3 [ RunTime:0.451026s ]

---------------------------------------------------------------
[ 2018-02-03T00:49:39+08:00 ] ::1 ::1 GET /hf170724_zc/hf1707_zc/public/home/Index/index.html
[ log ] localhost/hf170724_zc/hf1707_zc/public/home/Index/index.html [运行时间：4.126236s][吞吐率：0.24req/s] [内存消耗：3,018.00kb] [文件加载：58]
[ info ] [ LANG ] D:\AppServ\www\hf170724_zc\hf1707_zc\thinkphp\lang\zh-cn.php
[ info ] [ ROUTE ] array (
  'type' => 'module',
  'module' => 
  array (
    0 => 'home',
    1 => 'Index',
    2 => 'index',
  ),
)
[ info ] [ HEADER ] array (
  'host' => 'localhost',
  'connection' => 'keep-alive',
  'upgrade-insecure-requests' => '1',
  'user-agent' => 'Mozilla/5.0 (Windows NT 6.1) AppleWebKit/537.36 (KHTML, like Gecko) Chrome/60.0.3112.101 Safari/537.36',
  'accept' => 'text/html,application/xhtml+xml,application/xml;q=0.9,image/webp,image/apng,*/*;q=0.8',
  'accept-encoding' => 'gzip, deflate, br',
  'accept-language' => 'zh-CN,zh;q=0.8',
  'cookie' => 'thinkphp_show_page_trace=0|0; pgv_pvi=3237811200; ECS[visit_times]=2; ECS[username]=aaa; ECS[user_id]=3; ECS[password]=4cc569d34c5492d78073b3bc366f03c3; email=97697176%40qq.com; user_pwd=8d738b62880ee126bc862606524ce831; think_template=default; PHPSESSID=qe3r4q5me4sl4bt8ksuttrsr63',
)
[ info ] [ PARAM ] array (
)
[ info ] [ SESSION ] INIT array (
  'id' => '',
  'var_session_id' => '',
  'prefix' => 'think',
  'type' => '',
  'auto_start' => true,
)
[ info ] [ RUN ] app\home\controller\Index->index[ D:\AppServ\www\hf170724_zc\hf1707_zc\application\home\controller\Index.php ]
[ info ] [ DB ] INIT mysql
[ info ] [ DB ] INIT mysql
[ info ] [ DB ] INIT mysql
[ info ] [ DB ] INIT mysql
[ info ] [ VIEW ] D:\AppServ\www\hf170724_zc\hf1707_zc\public/../application/home\view\index\mainView.html [ array (
  0 => 'adList',
  1 => 'hotList',
  2 => 'newList',
  3 => 'oldList',
  4 => 'do',
  5 => 'today',
) ]
[ info ] [ LOG ] INIT File
[ sql ] [ DB ] CONNECT:[ UseTime:0.145008s ] mysql:dbname=hf1707_zc;host=39.106.138.89;port=3306;charset=utf8
[ sql ] [ SQL ] SHOW COLUMNS FROM `zc_ad` [ RunTime:0.092005s ]
[ sql ] [ SQL ] SELECT * FROM `zc_ad` WHERE  `starttime` <= '2018-02-03 00:49:37'  AND `endtime` > '2018-02-03 00:49:37' [ RunTime:0.091005s ]
[ sql ] [ DB ] CONNECT:[ UseTime:0.158009s ] mysql:dbname=hf1707_zc;host=39.106.138.89;port=3306;charset=utf8
[ sql ] [ SQL ] SHOW COLUMNS FROM `zc_project` [ RunTime:0.102006s ]
[ sql ] [ SQL ] SELECT *,datediff(a.endtime,NOW()) resttime FROM zc_project a INNER JOIN `zc_state` `b` ON `a`.`stateid`=`b`.`stateid` WHERE  `a`.`begintime` <= '2018-02-03 00:49:38'  AND `a`.`endtime` > '2018-02-03 00:49:38' ORDER BY a.focuscount desc LIMIT 4 [ RunTime:0.113007s ]
[ sql ] [ DB ] CONNECT:[ UseTime:0.124007s ] mysql:dbname=hf1707_zc;host=39.106.138.89;port=3306;charset=utf8
[ sql ] [ SQL ] SELECT *,datediff(a.endtime,NOW()) resttime FROM zc_project a INNER JOIN `zc_state` `b` ON `a`.`stateid`=`b`.`stateid` WHERE  `a`.`begintime` <= '2018-02-03 00:49:38'  AND `a`.`endtime` > '2018-02-03 00:49:38' ORDER BY a.createtime desc LIMIT 3 [ RunTime:0.084005s ]
[ sql ] [ DB ] CONNECT:[ UseTime:0.163009s ] mysql:dbname=hf1707_zc;host=39.106.138.89;port=3306;charset=utf8
[ sql ] [ SQL ] SELECT *,datediff(a.endtime,NOW()) resttime FROM zc_project a INNER JOIN `zc_state` `b` ON `a`.`stateid`=`b`.`stateid` WHERE  `a`.`begintime` <= '2018-02-03 00:49:39'  AND `a`.`endtime` > '2018-02-03 00:49:39' ORDER BY `a`.`endtime` LIMIT 3 [ RunTime:0.112007s ]

---------------------------------------------------------------
[ 2018-02-03T01:09:25+08:00 ] ::1 ::1 GET /hf170724_zc/hf1707_zc/public/home/Index/index.html
[ log ] localhost/hf170724_zc/hf1707_zc/public/home/Index/index.html [运行时间：1.627093s][吞吐率：0.61req/s] [内存消耗：3,017.39kb] [文件加载：58]
[ info ] [ LANG ] D:\AppServ\www\hf170724_zc\hf1707_zc\thinkphp\lang\zh-cn.php
[ info ] [ ROUTE ] array (
  'type' => 'module',
  'module' => 
  array (
    0 => 'home',
    1 => 'Index',
    2 => 'index',
  ),
)
[ info ] [ HEADER ] array (
  'host' => 'localhost',
  'connection' => 'keep-alive',
  'cache-control' => 'max-age=0',
  'upgrade-insecure-requests' => '1',
  'user-agent' => 'Mozilla/5.0 (Windows NT 6.1) AppleWebKit/537.36 (KHTML, like Gecko) Chrome/60.0.3112.101 Safari/537.36',
  'accept' => 'text/html,application/xhtml+xml,application/xml;q=0.9,image/webp,image/apng,*/*;q=0.8',
  'accept-encoding' => 'gzip, deflate, br',
  'accept-language' => 'zh-CN,zh;q=0.8',
  'cookie' => 'thinkphp_show_page_trace=0|0; pgv_pvi=3237811200; ECS[visit_times]=2; ECS[username]=aaa; ECS[user_id]=3; ECS[password]=4cc569d34c5492d78073b3bc366f03c3; email=97697176%40qq.com; user_pwd=8d738b62880ee126bc862606524ce831; think_template=default; PHPSESSID=qe3r4q5me4sl4bt8ksuttrsr63',
)
[ info ] [ PARAM ] array (
)
[ info ] [ SESSION ] INIT array (
  'id' => '',
  'var_session_id' => '',
  'prefix' => 'think',
  'type' => '',
  'auto_start' => true,
)
[ info ] [ RUN ] app\home\controller\Index->index[ D:\AppServ\www\hf170724_zc\hf1707_zc\application\home\controller\Index.php ]
[ info ] [ DB ] INIT mysql
[ info ] [ DB ] INIT mysql
[ info ] [ DB ] INIT mysql
[ info ] [ DB ] INIT mysql
[ info ] [ VIEW ] D:\AppServ\www\hf170724_zc\hf1707_zc\public/../application/home\view\index\mainView.html [ array (
  0 => 'adList',
  1 => 'hotList',
  2 => 'newList',
  3 => 'oldList',
  4 => 'do',
  5 => 'today',
) ]
[ info ] [ LOG ] INIT File
[ sql ] [ DB ] CONNECT:[ UseTime:0.142008s ] mysql:dbname=hf1707_zc;host=39.106.138.89;port=3306;charset=utf8
[ sql ] [ SQL ] SHOW COLUMNS FROM `zc_ad` [ RunTime:0.098006s ]
[ sql ] [ SQL ] SELECT * FROM `zc_ad` WHERE  `starttime` <= '2018-02-03 01:09:24'  AND `endtime` > '2018-02-03 01:09:24' [ RunTime:0.100005s ]
[ sql ] [ DB ] CONNECT:[ UseTime:0.127007s ] mysql:dbname=hf1707_zc;host=39.106.138.89;port=3306;charset=utf8
[ sql ] [ SQL ] SHOW COLUMNS FROM `zc_project` [ RunTime:0.084005s ]
[ sql ] [ SQL ] SELECT *,datediff(a.endtime,NOW()) resttime FROM zc_project a INNER JOIN `zc_state` `b` ON `a`.`stateid`=`b`.`stateid` WHERE  `a`.`begintime` <= '2018-02-03 01:09:24'  AND `a`.`endtime` > '2018-02-03 01:09:24' ORDER BY a.focuscount desc LIMIT 4 [ RunTime:0.105006s ]
[ sql ] [ DB ] CONNECT:[ UseTime:0.192011s ] mysql:dbname=hf1707_zc;host=39.106.138.89;port=3306;charset=utf8
[ sql ] [ SQL ] SELECT *,datediff(a.endtime,NOW()) resttime FROM zc_project a INNER JOIN `zc_state` `b` ON `a`.`stateid`=`b`.`stateid` WHERE  `a`.`begintime` <= '2018-02-03 01:09:24'  AND `a`.`endtime` > '2018-02-03 01:09:24' ORDER BY a.createtime desc LIMIT 3 [ RunTime:0.114006s ]
[ sql ] [ DB ] CONNECT:[ UseTime:0.145009s ] mysql:dbname=hf1707_zc;host=39.106.138.89;port=3306;charset=utf8
[ sql ] [ SQL ] SELECT *,datediff(a.endtime,NOW()) resttime FROM zc_project a INNER JOIN `zc_state` `b` ON `a`.`stateid`=`b`.`stateid` WHERE  `a`.`begintime` <= '2018-02-03 01:09:25'  AND `a`.`endtime` > '2018-02-03 01:09:25' ORDER BY `a`.`endtime` LIMIT 3 [ RunTime:0.110006s ]

---------------------------------------------------------------
[ 2018-02-03T01:09:30+08:00 ] ::1 ::1 GET /hf170724_zc/hf1707_zc/public/home/Index/index.html
[ log ] localhost/hf170724_zc/hf1707_zc/public/home/Index/index.html [运行时间：1.790102s][吞吐率：0.56req/s] [内存消耗：2,725.71kb] [文件加载：56]
[ info ] [ LANG ] D:\AppServ\www\hf170724_zc\hf1707_zc\thinkphp\lang\zh-cn.php
[ info ] [ ROUTE ] array (
  'type' => 'module',
  'module' => 
  array (
    0 => 'home',
    1 => 'Index',
    2 => 'index',
  ),
)
[ info ] [ HEADER ] array (
  'host' => 'localhost',
  'connection' => 'keep-alive',
  'cache-control' => 'max-age=0',
  'upgrade-insecure-requests' => '1',
  'user-agent' => 'Mozilla/5.0 (Windows NT 6.1) AppleWebKit/537.36 (KHTML, like Gecko) Chrome/60.0.3112.101 Safari/537.36',
  'accept' => 'text/html,application/xhtml+xml,application/xml;q=0.9,image/webp,image/apng,*/*;q=0.8',
  'accept-encoding' => 'gzip, deflate, br',
  'accept-language' => 'zh-CN,zh;q=0.8',
  'cookie' => 'thinkphp_show_page_trace=0|0; pgv_pvi=3237811200; ECS[visit_times]=2; ECS[username]=aaa; ECS[user_id]=3; ECS[password]=4cc569d34c5492d78073b3bc366f03c3; email=97697176%40qq.com; user_pwd=8d738b62880ee126bc862606524ce831; think_template=default; PHPSESSID=qe3r4q5me4sl4bt8ksuttrsr63',
)
[ info ] [ PARAM ] array (
)
[ info ] [ SESSION ] INIT array (
  'id' => '',
  'var_session_id' => '',
  'prefix' => 'think',
  'type' => '',
  'auto_start' => true,
)
[ info ] [ RUN ] app\home\controller\Index->index[ D:\AppServ\www\hf170724_zc\hf1707_zc\application\home\controller\Index.php ]
[ info ] [ DB ] INIT mysql
[ info ] [ DB ] INIT mysql
[ info ] [ DB ] INIT mysql
[ info ] [ DB ] INIT mysql
[ info ] [ VIEW ] D:\AppServ\www\hf170724_zc\hf1707_zc\public/../application/home\view\index\mainView.html [ array (
  0 => 'adList',
  1 => 'hotList',
  2 => 'newList',
  3 => 'oldList',
  4 => 'do',
  5 => 'today',
) ]
[ info ] [ LOG ] INIT File
[ sql ] [ DB ] CONNECT:[ UseTime:0.204012s ] mysql:dbname=hf1707_zc;host=39.106.138.89;port=3306;charset=utf8
[ sql ] [ SQL ] SHOW COLUMNS FROM `zc_ad` [ RunTime:0.094005s ]
[ sql ] [ SQL ] SELECT * FROM `zc_ad` WHERE  `starttime` <= '2018-02-03 01:09:28'  AND `endtime` > '2018-02-03 01:09:28' [ RunTime:0.083005s ]
[ sql ] [ DB ] CONNECT:[ UseTime:0.488028s ] mysql:dbname=hf1707_zc;host=39.106.138.89;port=3306;charset=utf8
[ sql ] [ SQL ] SHOW COLUMNS FROM `zc_project` [ RunTime:0.116007s ]
[ sql ] [ SQL ] SELECT *,datediff(a.endtime,NOW()) resttime FROM zc_project a INNER JOIN `zc_state` `b` ON `a`.`stateid`=`b`.`stateid` WHERE  `a`.`begintime` <= '2018-02-03 01:09:28'  AND `a`.`endtime` > '2018-02-03 01:09:28' ORDER BY a.focuscount desc LIMIT 4 [ RunTime:0.228013s ]
[ sql ] [ DB ] CONNECT:[ UseTime:0.138008s ] mysql:dbname=hf1707_zc;host=39.106.138.89;port=3306;charset=utf8
[ sql ] [ SQL ] SELECT *,datediff(a.endtime,NOW()) resttime FROM zc_project a INNER JOIN `zc_state` `b` ON `a`.`stateid`=`b`.`stateid` WHERE  `a`.`begintime` <= '2018-02-03 01:09:29'  AND `a`.`endtime` > '2018-02-03 01:09:29' ORDER BY a.createtime desc LIMIT 3 [ RunTime:0.111006s ]
[ sql ] [ DB ] CONNECT:[ UseTime:0.132008s ] mysql:dbname=hf1707_zc;host=39.106.138.89;port=3306;charset=utf8
[ sql ] [ SQL ] SELECT *,datediff(a.endtime,NOW()) resttime FROM zc_project a INNER JOIN `zc_state` `b` ON `a`.`stateid`=`b`.`stateid` WHERE  `a`.`begintime` <= '2018-02-03 01:09:29'  AND `a`.`endtime` > '2018-02-03 01:09:29' ORDER BY `a`.`endtime` LIMIT 3 [ RunTime:0.079004s ]

---------------------------------------------------------------
[ 2018-02-03T01:17:12+08:00 ] ::1 ::1 GET /hf170724_zc/hf1707_zc/public/home/Index/index.html
[ log ] localhost/hf170724_zc/hf1707_zc/public/home/Index/index.html [运行时间：1.674096s][吞吐率：0.60req/s] [内存消耗：3,149.47kb] [文件加载：58]
[ info ] [ LANG ] D:\AppServ\www\hf170724_zc\hf1707_zc\thinkphp\lang\zh-cn.php
[ info ] [ ROUTE ] array (
  'type' => 'module',
  'module' => 
  array (
    0 => 'home',
    1 => 'Index',
    2 => 'index',
  ),
)
[ info ] [ HEADER ] array (
  'host' => 'localhost',
  'connection' => 'keep-alive',
  'cache-control' => 'max-age=0',
  'upgrade-insecure-requests' => '1',
  'user-agent' => 'Mozilla/5.0 (Windows NT 6.1) AppleWebKit/537.36 (KHTML, like Gecko) Chrome/60.0.3112.101 Safari/537.36',
  'accept' => 'text/html,application/xhtml+xml,application/xml;q=0.9,image/webp,image/apng,*/*;q=0.8',
  'accept-encoding' => 'gzip, deflate, br',
  'accept-language' => 'zh-CN,zh;q=0.8',
  'cookie' => 'thinkphp_show_page_trace=0|0; pgv_pvi=3237811200; ECS[visit_times]=2; ECS[username]=aaa; ECS[user_id]=3; ECS[password]=4cc569d34c5492d78073b3bc366f03c3; email=97697176%40qq.com; user_pwd=8d738b62880ee126bc862606524ce831; think_template=default; PHPSESSID=qe3r4q5me4sl4bt8ksuttrsr63',
)
[ info ] [ PARAM ] array (
)
[ info ] [ SESSION ] INIT array (
  'id' => '',
  'var_session_id' => '',
  'prefix' => 'think',
  'type' => '',
  'auto_start' => true,
)
[ info ] [ RUN ] app\home\controller\Index->index[ D:\AppServ\www\hf170724_zc\hf1707_zc\application\home\controller\Index.php ]
[ info ] [ DB ] INIT mysql
[ info ] [ DB ] INIT mysql
[ info ] [ DB ] INIT mysql
[ info ] [ DB ] INIT mysql
[ info ] [ VIEW ] D:\AppServ\www\hf170724_zc\hf1707_zc\public/../application/home\view\index\mainView.html [ array (
  0 => 'adList',
  1 => 'hotList',
  2 => 'newList',
  3 => 'oldList',
  4 => 'do',
  5 => 'today',
) ]
[ info ] [ LOG ] INIT File
[ sql ] [ DB ] CONNECT:[ UseTime:0.137008s ] mysql:dbname=hf1707_zc;host=39.106.138.89;port=3306;charset=utf8
[ sql ] [ SQL ] SHOW COLUMNS FROM `zc_ad` [ RunTime:0.089005s ]
[ sql ] [ SQL ] SELECT * FROM `zc_ad` WHERE  `starttime` <= '2018-02-03 01:17:11'  AND `endtime` > '2018-02-03 01:17:11' [ RunTime:0.091005s ]
[ sql ] [ DB ] CONNECT:[ UseTime:0.121006s ] mysql:dbname=hf1707_zc;host=39.106.138.89;port=3306;charset=utf8
[ sql ] [ SQL ] SHOW COLUMNS FROM `zc_project` [ RunTime:0.084005s ]
[ sql ] [ SQL ] SELECT *,datediff(a.endtime,NOW()) resttime FROM zc_project a INNER JOIN `zc_state` `b` ON `a`.`stateid`=`b`.`stateid` WHERE  `a`.`begintime` <= '2018-02-03 01:17:11'  AND `a`.`endtime` > '2018-02-03 01:17:11' ORDER BY a.focuscount desc LIMIT 4 [ RunTime:0.092006s ]
[ sql ] [ DB ] CONNECT:[ UseTime:0.139008s ] mysql:dbname=hf1707_zc;host=39.106.138.89;port=3306;charset=utf8
[ sql ] [ SQL ] SELECT *,datediff(a.endtime,NOW()) resttime FROM zc_project a INNER JOIN `zc_state` `b` ON `a`.`stateid`=`b`.`stateid` WHERE  `a`.`begintime` <= '2018-02-03 01:17:11'  AND `a`.`endtime` > '2018-02-03 01:17:11' ORDER BY a.createtime desc LIMIT 3 [ RunTime:0.090005s ]
[ sql ] [ DB ] CONNECT:[ UseTime:0.136008s ] mysql:dbname=hf1707_zc;host=39.106.138.89;port=3306;charset=utf8
[ sql ] [ SQL ] SELECT *,datediff(a.endtime,NOW()) resttime FROM zc_project a INNER JOIN `zc_state` `b` ON `a`.`stateid`=`b`.`stateid` WHERE  `a`.`begintime` <= '2018-02-03 01:17:11'  AND `a`.`endtime` > '2018-02-03 01:17:11' ORDER BY `a`.`endtime` LIMIT 3 [ RunTime:0.093005s ]

---------------------------------------------------------------
[ 2018-02-03T01:17:12+08:00 ] ::1 ::1 GET /hf170724_zc/hf1707_zc/public/home/Index/img/home/mainView/goods1.jpg
[ log ] localhost/hf170724_zc/hf1707_zc/public/home/Index/img/home/mainView/goods1.jpg [运行时间：0.224013s][吞吐率：4.46req/s] [内存消耗：1,850.06kb] [文件加载：52]
[ info ] [ LANG ] D:\AppServ\www\hf170724_zc\hf1707_zc\thinkphp\lang\zh-cn.php
[ info ] [ ROUTE ] array (
  'type' => 'module',
  'module' => 
  array (
    0 => 'home',
    1 => 'Index',
    2 => 'img',
  ),
)
[ info ] [ HEADER ] array (
  'host' => 'localhost',
  'connection' => 'keep-alive',
  'user-agent' => 'Mozilla/5.0 (Windows NT 6.1) AppleWebKit/537.36 (KHTML, like Gecko) Chrome/60.0.3112.101 Safari/537.36',
  'accept' => 'image/webp,image/apng,image/*,*/*;q=0.8',
  'referer' => 'http://localhost/hf170724_zc/hf1707_zc/public/home/Index/index.html',
  'accept-encoding' => 'gzip, deflate, br',
  'accept-language' => 'zh-CN,zh;q=0.8',
  'cookie' => 'thinkphp_show_page_trace=0|0; pgv_pvi=3237811200; ECS[visit_times]=2; ECS[username]=aaa; ECS[user_id]=3; ECS[password]=4cc569d34c5492d78073b3bc366f03c3; email=97697176%40qq.com; user_pwd=8d738b62880ee126bc862606524ce831; think_template=default; PHPSESSID=qe3r4q5me4sl4bt8ksuttrsr63',
)
[ info ] [ PARAM ] array (
  'home' => 'mainView',
)
[ info ] [ SESSION ] INIT array (
  'id' => '',
  'var_session_id' => '',
  'prefix' => 'think',
  'type' => '',
  'auto_start' => true,
)
[ info ] [ VIEW ] D:\AppServ\www\hf170724_zc\hf1707_zc\thinkphp\tpl\dispatch_jump.tpl [ array (
  0 => 'code',
  1 => 'msg',
  2 => 'data',
  3 => 'url',
  4 => 'wait',
) ]
[ info ] [ LOG ] INIT File

---------------------------------------------------------------
[ 2018-02-03T01:41:11+08:00 ] ::1 ::1 GET /hf170724_zc/hf1707_zc/public/home/Index/index.html
[ log ] localhost/hf170724_zc/hf1707_zc/public/home/Index/index.html [运行时间：1.702098s][吞吐率：0.59req/s] [内存消耗：3,000.85kb] [文件加载：58]
[ info ] [ LANG ] D:\AppServ\www\hf170724_zc\hf1707_zc\thinkphp\lang\zh-cn.php
[ info ] [ ROUTE ] array (
  'type' => 'module',
  'module' => 
  array (
    0 => 'home',
    1 => 'Index',
    2 => 'index',
  ),
)
[ info ] [ HEADER ] array (
  'host' => 'localhost',
  'connection' => 'keep-alive',
  'cache-control' => 'max-age=0',
  'upgrade-insecure-requests' => '1',
  'user-agent' => 'Mozilla/5.0 (Windows NT 6.1) AppleWebKit/537.36 (KHTML, like Gecko) Chrome/60.0.3112.101 Safari/537.36',
  'accept' => 'text/html,application/xhtml+xml,application/xml;q=0.9,image/webp,image/apng,*/*;q=0.8',
  'accept-encoding' => 'gzip, deflate, br',
  'accept-language' => 'zh-CN,zh;q=0.8',
  'cookie' => 'thinkphp_show_page_trace=0|0; pgv_pvi=3237811200; ECS[visit_times]=2; ECS[username]=aaa; ECS[user_id]=3; ECS[password]=4cc569d34c5492d78073b3bc366f03c3; email=97697176%40qq.com; user_pwd=8d738b62880ee126bc862606524ce831; think_template=default; PHPSESSID=qe3r4q5me4sl4bt8ksuttrsr63',
)
[ info ] [ PARAM ] array (
)
[ info ] [ SESSION ] INIT array (
  'id' => '',
  'var_session_id' => '',
  'prefix' => 'think',
  'type' => '',
  'auto_start' => true,
)
[ info ] [ RUN ] app\home\controller\Index->index[ D:\AppServ\www\hf170724_zc\hf1707_zc\application\home\controller\Index.php ]
[ info ] [ DB ] INIT mysql
[ info ] [ DB ] INIT mysql
[ info ] [ DB ] INIT mysql
[ info ] [ DB ] INIT mysql
[ info ] [ VIEW ] D:\AppServ\www\hf170724_zc\hf1707_zc\public/../application/home\view\index\mainView.html [ array (
  0 => 'adList',
  1 => 'hotList',
  2 => 'newList',
  3 => 'oldList',
  4 => 'do',
  5 => 'today',
) ]
[ info ] [ LOG ] INIT File
[ sql ] [ DB ] CONNECT:[ UseTime:0.156009s ] mysql:dbname=hf1707_zc;host=39.106.138.89;port=3306;charset=utf8
[ sql ] [ SQL ] SHOW COLUMNS FROM `zc_ad` [ RunTime:0.123008s ]
[ sql ] [ SQL ] SELECT * FROM `zc_ad` WHERE  `starttime` <= '2018-02-03 01:41:09'  AND `endtime` > '2018-02-03 01:41:09' [ RunTime:0.101005s ]
[ sql ] [ DB ] CONNECT:[ UseTime:0.155009s ] mysql:dbname=hf1707_zc;host=39.106.138.89;port=3306;charset=utf8
[ sql ] [ SQL ] SHOW COLUMNS FROM `zc_project` [ RunTime:0.099006s ]
[ sql ] [ SQL ] SELECT *,datediff(a.endtime,NOW()) resttime FROM zc_project a INNER JOIN `zc_state` `b` ON `a`.`stateid`=`b`.`stateid` WHERE  `a`.`begintime` <= '2018-02-03 01:41:10'  AND `a`.`endtime` > '2018-02-03 01:41:10' ORDER BY a.focuscount desc LIMIT 4 [ RunTime:0.101006s ]
[ sql ] [ DB ] CONNECT:[ UseTime:0.155009s ] mysql:dbname=hf1707_zc;host=39.106.138.89;port=3306;charset=utf8
[ sql ] [ SQL ] SELECT *,datediff(a.endtime,NOW()) resttime FROM zc_project a INNER JOIN `zc_state` `b` ON `a`.`stateid`=`b`.`stateid` WHERE  `a`.`begintime` <= '2018-02-03 01:41:10'  AND `a`.`endtime` > '2018-02-03 01:41:10' ORDER BY a.createtime desc LIMIT 3 [ RunTime:0.104006s ]
[ sql ] [ DB ] CONNECT:[ UseTime:0.153008s ] mysql:dbname=hf1707_zc;host=39.106.138.89;port=3306;charset=utf8
[ sql ] [ SQL ] SELECT *,datediff(a.endtime,NOW()) resttime FROM zc_project a INNER JOIN `zc_state` `b` ON `a`.`stateid`=`b`.`stateid` WHERE  `a`.`begintime` <= '2018-02-03 01:41:10'  AND `a`.`endtime` > '2018-02-03 01:41:10' ORDER BY `a`.`endtime` LIMIT 3 [ RunTime:0.105007s ]

---------------------------------------------------------------
[ 2018-02-03T01:46:00+08:00 ] ::1 ::1 GET /hf170724_zc/hf1707_zc/public/home/Index/index.html
[ log ] localhost/hf170724_zc/hf1707_zc/public/home/Index/index.html [运行时间：1.184068s][吞吐率：0.84req/s] [内存消耗：2,993.30kb] [文件加载：58]
[ info ] [ LANG ] D:\AppServ\www\hf170724_zc\hf1707_zc\thinkphp\lang\zh-cn.php
[ info ] [ ROUTE ] array (
  'type' => 'module',
  'module' => 
  array (
    0 => 'home',
    1 => 'Index',
    2 => 'index',
  ),
)
[ info ] [ HEADER ] array (
  'host' => 'localhost',
  'connection' => 'keep-alive',
  'cache-control' => 'max-age=0',
  'upgrade-insecure-requests' => '1',
  'user-agent' => 'Mozilla/5.0 (Windows NT 6.1) AppleWebKit/537.36 (KHTML, like Gecko) Chrome/60.0.3112.101 Safari/537.36',
  'accept' => 'text/html,application/xhtml+xml,application/xml;q=0.9,image/webp,image/apng,*/*;q=0.8',
  'accept-encoding' => 'gzip, deflate, br',
  'accept-language' => 'zh-CN,zh;q=0.8',
  'cookie' => 'thinkphp_show_page_trace=0|0; pgv_pvi=3237811200; ECS[visit_times]=2; ECS[username]=aaa; ECS[user_id]=3; ECS[password]=4cc569d34c5492d78073b3bc366f03c3; email=97697176%40qq.com; user_pwd=8d738b62880ee126bc862606524ce831; think_template=default; PHPSESSID=qe3r4q5me4sl4bt8ksuttrsr63',
)
[ info ] [ PARAM ] array (
)
[ info ] [ SESSION ] INIT array (
  'id' => '',
  'var_session_id' => '',
  'prefix' => 'think',
  'type' => '',
  'auto_start' => true,
)
[ info ] [ RUN ] app\home\controller\Index->index[ D:\AppServ\www\hf170724_zc\hf1707_zc\application\home\controller\Index.php ]
[ info ] [ DB ] INIT mysql
[ info ] [ DB ] INIT mysql
[ info ] [ DB ] INIT mysql
[ info ] [ DB ] INIT mysql
[ info ] [ VIEW ] D:\AppServ\www\hf170724_zc\hf1707_zc\public/../application/home\view\index\mainView.html [ array (
  0 => 'adList',
  1 => 'hotList',
  2 => 'newList',
  3 => 'oldList',
  4 => 'do',
  5 => 'today',
) ]
[ info ] [ LOG ] INIT File
[ sql ] [ DB ] CONNECT:[ UseTime:0.121007s ] mysql:dbname=hf1707_zc;host=39.106.138.89;port=3306;charset=utf8
[ sql ] [ SQL ] SHOW COLUMNS FROM `zc_ad` [ RunTime:0.084004s ]
[ sql ] [ SQL ] SELECT * FROM `zc_ad` WHERE  `starttime` <= '2018-02-03 01:45:59'  AND `endtime` > '2018-02-03 01:45:59' [ RunTime:0.093005s ]
[ sql ] [ DB ] CONNECT:[ UseTime:0.122007s ] mysql:dbname=hf1707_zc;host=39.106.138.89;port=3306;charset=utf8
[ sql ] [ SQL ] SHOW COLUMNS FROM `zc_project` [ RunTime:0.083005s ]
[ sql ] [ SQL ] SELECT *,datediff(a.endtime,NOW()) resttime FROM zc_project a INNER JOIN `zc_state` `b` ON `a`.`stateid`=`b`.`stateid` WHERE  `a`.`begintime` <= '2018-02-03 01:45:59'  AND `a`.`endtime` > '2018-02-03 01:45:59' ORDER BY a.focuscount desc LIMIT 4 [ RunTime:0.095005s ]
[ sql ] [ DB ] CONNECT:[ UseTime:0.152009s ] mysql:dbname=hf1707_zc;host=39.106.138.89;port=3306;charset=utf8
[ sql ] [ SQL ] SELECT *,datediff(a.endtime,NOW()) resttime FROM zc_project a INNER JOIN `zc_state` `b` ON `a`.`stateid`=`b`.`stateid` WHERE  `a`.`begintime` <= '2018-02-03 01:45:59'  AND `a`.`endtime` > '2018-02-03 01:45:59' ORDER BY a.createtime desc LIMIT 3 [ RunTime:0.101006s ]
[ sql ] [ DB ] CONNECT:[ UseTime:0.130007s ] mysql:dbname=hf1707_zc;host=39.106.138.89;port=3306;charset=utf8
[ sql ] [ SQL ] SELECT *,datediff(a.endtime,NOW()) resttime FROM zc_project a INNER JOIN `zc_state` `b` ON `a`.`stateid`=`b`.`stateid` WHERE  `a`.`begintime` <= '2018-02-03 01:46:00'  AND `a`.`endtime` > '2018-02-03 01:46:00' ORDER BY `a`.`endtime` LIMIT 3 [ RunTime:0.079005s ]

---------------------------------------------------------------
[ 2018-02-03T08:59:34+08:00 ] ::1 ::1 GET /hf170724_zc/hf1707_zc/public/home/Index/index.html
[ log ] localhost/hf170724_zc/hf1707_zc/public/home/Index/index.html [运行时间：11.750673s][吞吐率：0.09req/s] [内存消耗：2,993.25kb] [文件加载：58]
[ info ] [ LANG ] D:\AppServ\www\hf170724_zc\hf1707_zc\thinkphp\lang\zh-cn.php
[ info ] [ ROUTE ] array (
  'type' => 'module',
  'module' => 
  array (
    0 => 'home',
    1 => 'Index',
    2 => 'index',
  ),
)
[ info ] [ HEADER ] array (
  'host' => 'localhost',
  'connection' => 'keep-alive',
  'upgrade-insecure-requests' => '1',
  'user-agent' => 'Mozilla/5.0 (Windows NT 6.1) AppleWebKit/537.36 (KHTML, like Gecko) Chrome/60.0.3112.101 Safari/537.36',
  'accept' => 'text/html,application/xhtml+xml,application/xml;q=0.9,image/webp,image/apng,*/*;q=0.8',
  'accept-encoding' => 'gzip, deflate, br',
  'accept-language' => 'zh-CN,zh;q=0.8',
  'cookie' => 'pgv_pvi=3237811200; ECS[visit_times]=2; ECS[username]=aaa; ECS[user_id]=3; ECS[password]=4cc569d34c5492d78073b3bc366f03c3; email=97697176%40qq.com; user_pwd=8d738b62880ee126bc862606524ce831; think_template=default',
)
[ info ] [ PARAM ] array (
)
[ info ] [ SESSION ] INIT array (
  'id' => '',
  'var_session_id' => '',
  'prefix' => 'think',
  'type' => '',
  'auto_start' => true,
)
[ info ] [ RUN ] app\home\controller\Index->index[ D:\AppServ\www\hf170724_zc\hf1707_zc\application\home\controller\Index.php ]
[ info ] [ DB ] INIT mysql
[ info ] [ DB ] INIT mysql
[ info ] [ DB ] INIT mysql
[ info ] [ DB ] INIT mysql
[ info ] [ VIEW ] D:\AppServ\www\hf170724_zc\hf1707_zc\public/../application/home\view\index\mainView.html [ array (
  0 => 'adList',
  1 => 'hotList',
  2 => 'newList',
  3 => 'oldList',
  4 => 'do',
  5 => 'today',
) ]
[ info ] [ LOG ] INIT File
[ sql ] [ DB ] CONNECT:[ UseTime:4.401252s ] mysql:dbname=hf1707_zc;host=39.106.138.89;port=3306;charset=utf8
[ sql ] [ SQL ] SHOW COLUMNS FROM `zc_ad` [ RunTime:0.289017s ]
[ sql ] [ SQL ] SELECT * FROM `zc_ad` WHERE  `starttime` <= '2018-02-03 08:59:26'  AND `endtime` > '2018-02-03 08:59:26' [ RunTime:0.332019s ]
[ sql ] [ DB ] CONNECT:[ UseTime:0.238013s ] mysql:dbname=hf1707_zc;host=39.106.138.89;port=3306;charset=utf8
[ sql ] [ SQL ] SHOW COLUMNS FROM `zc_project` [ RunTime:0.795046s ]
[ sql ] [ SQL ] SELECT *,datediff(a.endtime,NOW()) resttime FROM zc_project a INNER JOIN `zc_state` `b` ON `a`.`stateid`=`b`.`stateid` WHERE  `a`.`begintime` <= '2018-02-03 08:59:31'  AND `a`.`endtime` > '2018-02-03 08:59:31' ORDER BY a.focuscount desc LIMIT 4 [ RunTime:0.497028s ]
[ sql ] [ DB ] CONNECT:[ UseTime:0.406023s ] mysql:dbname=hf1707_zc;host=39.106.138.89;port=3306;charset=utf8
[ sql ] [ SQL ] SELECT *,datediff(a.endtime,NOW()) resttime FROM zc_project a INNER JOIN `zc_state` `b` ON `a`.`stateid`=`b`.`stateid` WHERE  `a`.`begintime` <= '2018-02-03 08:59:33'  AND `a`.`endtime` > '2018-02-03 08:59:33' ORDER BY a.createtime desc LIMIT 3 [ RunTime:0.197012s ]
[ sql ] [ DB ] CONNECT:[ UseTime:0.324018s ] mysql:dbname=hf1707_zc;host=39.106.138.89;port=3306;charset=utf8
[ sql ] [ SQL ] SELECT *,datediff(a.endtime,NOW()) resttime FROM zc_project a INNER JOIN `zc_state` `b` ON `a`.`stateid`=`b`.`stateid` WHERE  `a`.`begintime` <= '2018-02-03 08:59:34'  AND `a`.`endtime` > '2018-02-03 08:59:34' ORDER BY `a`.`endtime` LIMIT 3 [ RunTime:0.102006s ]

---------------------------------------------------------------
